\BOOKMARK [1][-]{section.1}{\376\377\116\214\226\066\176\277\140\047\120\117\137\256\122\006\145\271\172\013\143\011\162\171\137\201\122\006\174\173\116\016\150\007\121\306\123\026}{}% 1
\BOOKMARK [2][-]{subsection.1.1}{\376\377\116\214\226\066\145\271\172\013\166\204\162\171\137\201\164\006\213\272}{section.1}% 2
\BOOKMARK [2][-]{subsection.1.2}{\376\377\145\271\172\013\166\204\122\006\174\173\116\016\150\007\121\306\127\213}{section.1}% 3
\BOOKMARK [3][-]{subsubsection.1.2.1}{\376\377\123\314\146\362\127\213\145\271\172\013\000\040\000\050\000D\000e\000l\000t\000a\000\040\000>\000\040\0000\000\051}{subsection.1.2}% 4
\BOOKMARK [1][-]{section.2}{\376\377\143\011\217\271\165\114\147\141\116\366\122\006\174\173\120\117\137\256\122\006\145\271\172\013}{}% 5
\BOOKMARK [2][-]{subsection.2.1}{\376\377\147\011\165\114}{section.2}% 6
\BOOKMARK [3][-]{subsubsection.2.1.1}{\376\377\173\054\116\000\174\173\217\271\165\114}{subsection.2.1}% 7
\BOOKMARK [3][-]{subsubsection.2.1.2}{\376\377\173\054\116\214\174\173\217\271\165\114}{subsection.2.1}% 8
\BOOKMARK [3][-]{subsubsection.2.1.3}{\376\377\116\044\171\315\155\367\124\010}{subsection.2.1}% 9
\BOOKMARK [2][-]{subsection.2.2}{\376\377\123\112\166\364\176\277}{section.2}% 10
\BOOKMARK [3][-]{subsubsection.2.2.1}{\376\377\173\054\116\000\217\271\165\114}{subsection.2.2}% 11
\BOOKMARK [3][-]{subsubsection.2.2.2}{\376\377\173\054\116\214\217\271\165\114}{subsection.2.2}% 12
\BOOKMARK [2][-]{subsection.2.3}{\376\377\145\340\165\114}{section.2}% 13
\BOOKMARK [1][-]{section.3}{\376\377\123\340\122\240\123\237\164\006}{}% 14
\BOOKMARK [2][-]{subsection.3.1}{\376\377\145\271\172\013\227\136\237\120\153\041}{section.3}% 15
\BOOKMARK [2][-]{subsection.3.2}{\376\377\122\035\131\313\147\141\116\366\227\136\237\120\153\041}{section.3}% 16
\BOOKMARK [2][-]{subsection.3.3}{\376\377\217\271\165\114\147\141\116\366\227\136\237\120\153\041}{section.3}% 17
\BOOKMARK [1][-]{section.4}{\376\377\217\271\165\114\147\141\116\366\237\120\153\041\123\026}{}% 18
\BOOKMARK [2][-]{subsection.4.1}{\376\377\173\054\116\000\217\271\165\114\147\141\116\366\237\120\153\041\123\026}{section.4}% 19
\BOOKMARK [2][-]{subsection.4.2}{\376\377\173\054\116\214\217\271\165\114\147\141\116\366\237\120\153\041\123\026}{section.4}% 20
\BOOKMARK [2][-]{subsection.4.3}{\376\377\173\054\116\000\155\367\124\010\217\271\165\114\147\141\116\366\237\120\153\041\123\026}{section.4}% 21
\BOOKMARK [2][-]{subsection.4.4}{\376\377\173\054\116\214\155\367\124\010\217\271\165\114\147\141\116\366\237\120\153\041\123\026}{section.4}% 22
\BOOKMARK [2][-]{subsection.4.5}{\376\377\140\073\176\323}{section.4}% 23
\BOOKMARK [1][-]{section.5}{\376\377\000D\000u\000h\000a\000m\000a\000m\000e\000l\123\237\164\006\116\113\145\271\172\013\237\120\153\041\123\026}{}% 24
\BOOKMARK [2][-]{subsection.5.1}{\376\377\147\011\165\114\227\136\237\120\153\041\145\271\172\013}{section.5}% 25
\BOOKMARK [2][-]{subsection.5.2}{\376\377\145\340\165\114\227\136\237\120\153\041\145\271\172\013}{section.5}% 26
\BOOKMARK [1][-]{section.6}{\376\377\116\000\226\066\142\337\176\277\140\047\145\271\172\013\116\113\117\040\217\223\145\271\172\013}{}% 27
\BOOKMARK [2][-]{subsection.6.1}{\376\377\154\342\166\204\117\040\144\255\154\102\211\343\136\070\174\373\145\160\237\120\153\041\117\040\217\223\145\271\172\013}{section.6}% 28
\BOOKMARK [3][-]{subsubsection.6.1.1}{\376\377\225\356\230\230\143\317\217\360}{subsection.6.1}% 29
\BOOKMARK [3][-]{subsubsection.6.1.2}{\376\377\220\032\211\343}{subsection.6.1}% 30
\BOOKMARK [3][-]{subsubsection.6.1.3}{\376\377\122\035\120\074\225\356\230\230\116\113\162\171\211\343}{subsection.6.1}% 31
\BOOKMARK [2][-]{subsection.6.2}{\376\377\154\342\166\204\117\040\144\255\154\102\211\343\136\070\174\373\145\160\227\136\237\120\153\041\117\040\217\223\145\271\172\013}{section.6}% 32
\BOOKMARK [3][-]{subsubsection.6.2.1}{\376\377\225\356\230\230\143\317\217\360}{subsection.6.2}% 33
\BOOKMARK [3][-]{subsubsection.6.2.2}{\376\377\154\102\211\343}{subsection.6.2}% 34
\BOOKMARK [1][-]{section.7}{\376\377\116\000\176\364\145\340\165\114\237\120\153\041\154\342\122\250\145\271\172\013}{}% 35
\BOOKMARK [2][-]{subsection.7.1}{\376\377\000d\040\031\000A\000l\000e\000m\000b\000e\000r\000t\000\040\121\154\137\017}{section.7}% 36
\BOOKMARK [3][-]{subsubsection.7.1.1}{\376\377\225\356\230\230\143\317\217\360}{subsection.7.1}% 37
\BOOKMARK [3][-]{subsubsection.7.1.2}{\376\377\154\102\211\343}{subsection.7.1}% 38
\BOOKMARK [1][-]{section.8}{\376\377\123\315\134\004\154\325\211\343\121\263\124\004\171\315\217\271\165\114\147\141\116\366\166\204\237\120\153\041\154\342\122\250\145\271\172\013}{}% 39
\BOOKMARK [2][-]{subsection.8.1}{\376\377\173\054\116\000\217\271\120\074\147\141\116\366\123\112\166\364\176\277\225\356\230\230}{section.8}% 40
\BOOKMARK [3][-]{subsubsection.8.1.1}{\376\377\225\356\230\230\143\317\217\360}{subsection.8.1}% 41
\BOOKMARK [3][-]{subsubsection.8.1.2}{\376\377\120\132\131\107\136\366\142\323}{subsection.8.1}% 42
\BOOKMARK [3][-]{subsubsection.8.1.3}{\376\377\217\271\165\114\147\141\116\366\116\016\145\271\172\013\232\214\213\301}{subsection.8.1}% 43
\BOOKMARK [2][-]{subsection.8.2}{\376\377\173\054\116\214\217\271\120\074\147\141\116\366\123\112\166\364\176\277\225\356\230\230}{section.8}% 44
\BOOKMARK [3][-]{subsubsection.8.2.1}{\376\377\225\356\230\230\143\317\217\360}{subsection.8.2}% 45
\BOOKMARK [3][-]{subsubsection.8.2.2}{\376\377\120\132\120\166\136\366\142\323}{subsection.8.2}% 46
\BOOKMARK [2][-]{subsection.8.3}{\376\377\147\011\165\114\173\054\116\000\217\271\120\074\147\141\116\366\116\113\123\315\134\004\154\325}{section.8}% 47
\BOOKMARK [3][-]{subsubsection.8.3.1}{\376\377\225\356\230\230\143\317\217\360}{subsection.8.3}% 48
\BOOKMARK [3][-]{subsubsection.8.3.2}{\376\377\150\070\137\303\140\035\140\363}{subsection.8.3}% 49
\BOOKMARK [3][-]{subsubsection.8.3.3}{\376\377\217\276\147\027\215\035\134\024\121\154\137\017\166\204\136\224\165\050}{subsection.8.3}% 50
\BOOKMARK [2][-]{subsection.8.4}{\376\377\147\011\165\114\173\054\116\214\217\271\120\074\147\141\116\366\116\113\123\315\134\004\154\325}{section.8}% 51
\BOOKMARK [2][-]{subsection.8.5}{\376\377\173\054\116\000\171\315\147\011\165\114\155\367\124\010\217\271\165\114\225\356\230\230\116\113\123\315\134\004\154\325}{section.8}% 52
\BOOKMARK [2][-]{subsection.8.6}{\376\377\173\054\116\214\171\315\147\011\165\114\155\367\124\010\217\271\165\114\225\356\230\230\116\113\123\315\134\004\154\325}{section.8}% 53
\BOOKMARK [1][-]{section.9}{\376\377\147\011\165\114\154\342\122\250\145\271\172\013\116\113\122\006\171\273\123\330\221\317\154\325}{}% 54
\BOOKMARK [2][-]{subsection.9.1}{\376\377\173\054\116\000\217\271\120\074\147\141\116\366\116\113\122\006\171\273\123\330\221\317\154\325}{section.9}% 55
\BOOKMARK [3][-]{subsubsection.9.1.1}{\376\377\225\356\230\230\143\317\217\360}{subsection.9.1}% 56
\BOOKMARK [3][-]{subsubsection.9.1.2}{\376\377\150\070\137\303\140\035\140\363}{subsection.9.1}% 57
\BOOKMARK [3][-]{subsubsection.9.1.3}{\376\377\172\172\225\364\136\070\137\256\122\006\145\271\172\013\166\204\154\102\211\343}{subsection.9.1}% 58
\BOOKMARK [3][-]{subsubsection.9.1.4}{\376\377\145\366\225\364\136\070\137\256\122\006\145\271\172\013\166\204\154\102\211\343}{subsection.9.1}% 59
\BOOKMARK [3][-]{subsubsection.9.1.5}{\376\377\137\227\120\117\137\256\122\006\145\271\172\013\220\032\211\343}{subsection.9.1}% 60
\BOOKMARK [3][-]{subsubsection.9.1.6}{\376\377\122\035\131\313\147\141\116\366\154\102\174\373\145\160}{subsection.9.1}% 61
\BOOKMARK [3][-]{subsubsection.9.1.7}{\376\377\165\050\145\160\122\006\167\345\213\306\154\102\174\373\145\160}{subsection.9.1}% 62
\BOOKMARK [3][-]{subsubsection.9.1.8}{\376\377\117\213\230\230}{subsection.9.1}% 63
\BOOKMARK [2][-]{subsection.9.2}{\376\377\173\054\116\214\217\271\120\074\147\141\116\366}{section.9}% 64
\BOOKMARK [3][-]{subsubsection.9.2.1}{\376\377\225\356\230\230\143\317\217\360}{subsection.9.2}% 65
\BOOKMARK [3][-]{subsubsection.9.2.2}{\376\377\150\070\137\303\140\035\140\363}{subsection.9.2}% 66
\BOOKMARK [3][-]{subsubsection.9.2.3}{\376\377\172\172\225\364\136\070\137\256\122\006\145\271\172\013\166\204\154\102\211\343}{subsection.9.2}% 67
\BOOKMARK [3][-]{subsubsection.9.2.4}{\376\377\145\366\225\364\136\070\137\256\122\006\145\271\172\013\166\204\154\102\211\343}{subsection.9.2}% 68
\BOOKMARK [3][-]{subsubsection.9.2.5}{\376\377\137\227\120\117\137\256\122\006\145\271\172\013\220\032\211\343}{subsection.9.2}% 69
\BOOKMARK [3][-]{subsubsection.9.2.6}{\376\377\122\035\131\313\147\141\116\366\154\102\174\373\145\160}{subsection.9.2}% 70
\BOOKMARK [2][-]{subsection.9.3}{\376\377\173\054\116\000\155\367\124\010\217\271\165\114\147\141\116\366}{section.9}% 71
\BOOKMARK [3][-]{subsubsection.9.3.1}{\376\377\225\356\230\230\143\317\217\360}{subsection.9.3}% 72
\BOOKMARK [3][-]{subsubsection.9.3.2}{\376\377\150\070\137\303\140\035\140\363}{subsection.9.3}% 73
\BOOKMARK [3][-]{subsubsection.9.3.3}{\376\377\172\172\225\364\136\070\137\256\122\006\145\271\172\013\166\204\154\102\211\343}{subsection.9.3}% 74
\BOOKMARK [3][-]{subsubsection.9.3.4}{\376\377\145\366\225\364\136\070\137\256\122\006\145\271\172\013\166\204\154\102\211\343}{subsection.9.3}% 75
\BOOKMARK [3][-]{subsubsection.9.3.5}{\376\377\137\227\120\117\137\256\122\006\145\271\172\013\220\032\211\343}{subsection.9.3}% 76
\BOOKMARK [3][-]{subsubsection.9.3.6}{\376\377\122\035\131\313\147\141\116\366\154\102\174\373\145\160}{subsection.9.3}% 77
\BOOKMARK [2][-]{subsection.9.4}{\376\377\173\054\116\214\155\367\124\010\217\271\165\114\147\141\116\366}{section.9}% 78
\BOOKMARK [3][-]{subsubsection.9.4.1}{\376\377\225\356\230\230\143\317\217\360}{subsection.9.4}% 79
\BOOKMARK [3][-]{subsubsection.9.4.2}{\376\377\150\070\137\303\140\035\140\363}{subsection.9.4}% 80
\BOOKMARK [3][-]{subsubsection.9.4.3}{\376\377\172\172\225\364\136\070\137\256\122\006\145\271\172\013\166\204\154\102\211\343}{subsection.9.4}% 81
\BOOKMARK [3][-]{subsubsection.9.4.4}{\376\377\145\366\225\364\136\070\137\256\122\006\145\271\172\013\166\204\154\102\211\343}{subsection.9.4}% 82
\BOOKMARK [3][-]{subsubsection.9.4.5}{\376\377\137\227\120\117\137\256\122\006\145\271\172\013\220\032\211\343}{subsection.9.4}% 83
\BOOKMARK [3][-]{subsubsection.9.4.6}{\376\377\122\035\131\313\147\141\116\366\154\102\174\373\145\160}{subsection.9.4}% 84
\BOOKMARK [3][-]{subsubsection.9.4.7}{\376\377\117\213\230\230}{subsection.9.4}% 85
\BOOKMARK [1][-]{solution.9.4.1}{\376\377\123\302\200\003\145\207\163\056}{}% 86
