This is pdfTeX, Version 3.141592653-2.6-1.40.26 (TeX Live 2024) (preloaded format=pdflatex 2024.11.28)  2 JUL 2025 02:56
entering extended mode
 restricted \write18 enabled.
 %&-line parsing enabled.
**ÂÅèÂæÆÂàÜÊ≥¢Âä®ÊñπÁ®ã.tex
(./ÂÅèÂæÆÂàÜÊ≥¢Âä®ÊñπÁ®ã.tex
LaTeX2e <2023-11-01> patch level 1
L3 programming layer <2024-02-20>
(e:/texlive/texlive_installing/texmf-dist/tex/latex/base/article.cls
Document Class: article 2023/05/17 v1.4n Standard LaTeX document class
(e:/texlive/texlive_installing/texmf-dist/tex/latex/base/size12.clo
File: size12.clo 2023/05/17 v1.4n Standard LaTeX file (size option)
)
\c@part=\count188
\c@section=\count189
\c@subsection=\count190
\c@subsubsection=\count191
\c@paragraph=\count192
\c@subparagraph=\count193
\c@figure=\count194
\c@table=\count195
\abovecaptionskip=\skip48
\belowcaptionskip=\skip49
\bibindent=\dimen140
)
(e:/texlive/texlive_installing/texmf-dist/tex/latex/enumitem/enumitem.sty
Package: enumitem 2019/06/20 v3.9 Customized lists
\enitkv@toks@=\toks17
\labelindent=\skip50
\enit@outerparindent=\dimen141
\enit@toks=\toks18
\enit@inbox=\box51
\enit@count@id=\count196
\enitdp@description=\count197
)
(e:/texlive/texlive_installing/texmf-dist/tex/latex/ctex/ctex.sty
(e:/texlive/texlive_installing/texmf-dist/tex/latex/l3kernel/expl3.sty
Package: expl3 2024-02-20 L3 programming layer (loader) 

(e:/texlive/texlive_installing/texmf-dist/tex/latex/l3backend/l3backend-pdftex.
def
File: l3backend-pdftex.def 2024-02-20 L3 backend support: PDF output (pdfTeX)
\l__color_backend_stack_int=\count198
\l__pdf_internal_box=\box52
))
Package: ctex 2022/07/14 v2.5.10 Chinese adapter in LaTeX (CTEX)
 (e:/texlive/texlive_installing/texmf-dist/tex/latex/ctex/ctexhook.sty
Package: ctexhook 2022/07/14 v2.5.10 Document and package hooks (CTEX)
)
(e:/texlive/texlive_installing/texmf-dist/tex/latex/ctex/ctexpatch.sty
Package: ctexpatch 2022/07/14 v2.5.10 Patching commands (CTEX)
)
(e:/texlive/texlive_installing/texmf-dist/tex/latex/base/fix-cm.sty
Package: fix-cm 2020/11/24 v1.1t fixes to LaTeX

(e:/texlive/texlive_installing/texmf-dist/tex/latex/base/ts1enc.def
File: ts1enc.def 2001/06/05 v3.0e (jk/car/fm) Standard LaTeX file
LaTeX Font Info:    Redeclaring font encoding TS1 on input line 47.
))
\l__ctex_tmp_int=\count199
\l__ctex_tmp_box=\box53
\l__ctex_tmp_dim=\dimen142
\g__ctex_section_depth_int=\count266
\g__ctex_font_size_int=\count267

(e:/texlive/texlive_installing/texmf-dist/tex/latex/ctex/config/ctexopts.cfg
File: ctexopts.cfg 2022/07/14 v2.5.10 Option configuration file (CTEX)
)

Package ctex Warning: UTF8 will be used as the default encoding.


(e:/texlive/texlive_installing/texmf-dist/tex/latex/ctex/engine/ctex-engine-pdf
tex.def
File: ctex-engine-pdftex.def 2022/07/14 v2.5.10 (pdf)LaTeX adapter (CTEX)

(e:/texlive/texlive_installing/texmf-dist/tex/latex/cjk/texinput/CJKutf8.sty
Package: CJKutf8 2021/10/16 4.8.5

(e:/texlive/texlive_installing/texmf-dist/tex/generic/iftex/ifpdf.sty
Package: ifpdf 2019/10/25 v3.4 ifpdf legacy package. Use iftex instead.

(e:/texlive/texlive_installing/texmf-dist/tex/generic/iftex/iftex.sty
Package: iftex 2022/02/03 v1.0f TeX engine tests
))
(e:/texlive/texlive_installing/texmf-dist/tex/latex/base/inputenc.sty
Package: inputenc 2021/02/14 v1.3d Input encoding file
\inpenc@prehook=\toks19
\inpenc@posthook=\toks20
)
(e:/texlive/texlive_installing/texmf-dist/tex/latex/cjk/texinput/CJK.sty
Package: CJK 2021/10/16 4.8.5

(e:/texlive/texlive_installing/texmf-dist/tex/latex/cjk/texinput/mule/MULEenc.s
ty
Package: MULEenc 2021/10/16 4.8.5
) (e:/texlive/texlive_installing/texmf-dist/tex/latex/cjk/texinput/CJK.enc
File: CJK.enc 2021/10/16 4.8.5
Now handling font encoding C00 ...
... no UTF-8 mapping file for font encoding C00
Now handling font encoding C05 ...
... no UTF-8 mapping file for font encoding C05
Now handling font encoding C09 ...
... no UTF-8 mapping file for font encoding C09
Now handling font encoding C10 ...
... no UTF-8 mapping file for font encoding C10
Now handling font encoding C20 ...
... no UTF-8 mapping file for font encoding C20
Now handling font encoding C19 ...
... no UTF-8 mapping file for font encoding C19
Now handling font encoding C40 ...
... no UTF-8 mapping file for font encoding C40
Now handling font encoding C42 ...
... no UTF-8 mapping file for font encoding C42
Now handling font encoding C43 ...
... no UTF-8 mapping file for font encoding C43
Now handling font encoding C50 ...
... no UTF-8 mapping file for font encoding C50
Now handling font encoding C52 ...
... no UTF-8 mapping file for font encoding C52
Now handling font encoding C49 ...
... no UTF-8 mapping file for font encoding C49
Now handling font encoding C60 ...
... no UTF-8 mapping file for font encoding C60
Now handling font encoding C61 ...
... no UTF-8 mapping file for font encoding C61
Now handling font encoding C63 ...
... no UTF-8 mapping file for font encoding C63
Now handling font encoding C64 ...
... no UTF-8 mapping file for font encoding C64
Now handling font encoding C65 ...
... no UTF-8 mapping file for font encoding C65
Now handling font encoding C70 ...
... no UTF-8 mapping file for font encoding C70
Now handling font encoding C31 ...
... no UTF-8 mapping file for font encoding C31
Now handling font encoding C32 ...
... no UTF-8 mapping file for font encoding C32
Now handling font encoding C33 ...
... no UTF-8 mapping file for font encoding C33
Now handling font encoding C34 ...
... no UTF-8 mapping file for font encoding C34
Now handling font encoding C35 ...
... no UTF-8 mapping file for font encoding C35
Now handling font encoding C36 ...
... no UTF-8 mapping file for font encoding C36
Now handling font encoding C37 ...
... no UTF-8 mapping file for font encoding C37
Now handling font encoding C80 ...
... no UTF-8 mapping file for font encoding C80
Now handling font encoding C81 ...
... no UTF-8 mapping file for font encoding C81
Now handling font encoding C01 ...
... no UTF-8 mapping file for font encoding C01
Now handling font encoding C11 ...
... no UTF-8 mapping file for font encoding C11
Now handling font encoding C21 ...
... no UTF-8 mapping file for font encoding C21
Now handling font encoding C41 ...
... no UTF-8 mapping file for font encoding C41
Now handling font encoding C62 ...
... no UTF-8 mapping file for font encoding C62
)
\CJK@indent=\box54
)
(e:/texlive/texlive_installing/texmf-dist/tex/latex/base/fontenc.sty
Package: fontenc 2021/04/29 v2.0v Standard LaTeX package
))
(e:/texlive/texlive_installing/texmf-dist/tex/latex/cjkpunct/CJKpunct.sty
Package: CJKpunct 2016/05/14 4.8.4
\CJKpunct@cnta=\count268
\CJKpunct@cntb=\count269
\CJKpunct@cntc=\count270
\CJKpunct@cntd=\count271
\CJKpunct@cnte=\count272
   defining Unicode char U+2018 (decimal 8216)
   defining Unicode char U+2019 (decimal 8217)
   defining Unicode char U+201C (decimal 8220)
   defining Unicode char U+201D (decimal 8221)
   defining Unicode char U+2014 (decimal 8212)
   defining Unicode char U+2026 (decimal 8230)

(e:/texlive/texlive_installing/texmf-dist/tex/latex/cjkpunct/CJKpunct.spa))
(e:/texlive/texlive_installing/texmf-dist/tex/latex/cjk/texinput/CJKspace.sty
Package: CJKspace 2021/10/16 3.8.0
)
(e:/texlive/texlive_installing/texmf-dist/tex/latex/cjk/texinput/UTF8/UTF8.bdg
File: UTF8.bdg 2021/10/16 4.8.5
) (e:/texlive/texlive_installing/texmf-dist/tex/latex/ctex/ctexspa.def
File: ctexspa.def 2022/07/14 v2.5.10 Space info for CJKpunct (CTEX)
)
\ccwd=\dimen143
\l__ctex_ccglue_skip=\skip51
)
\l__ctex_ziju_dim=\dimen144

(e:/texlive/texlive_installing/texmf-dist/tex/latex/zhnumber/zhnumber.sty
Package: zhnumber 2022/07/14 v3.0 Typesetting numbers with Chinese glyphs
\l__zhnum_scale_int=\count273
\l__zhnum_tmp_int=\count274

(e:/texlive/texlive_installing/texmf-dist/tex/latex/zhnumber/zhnumber-utf8.cfg
File: zhnumber-utf8.cfg 2022/07/14 v3.0 Chinese numerals with UTF8 encoding
))
(e:/texlive/texlive_installing/texmf-dist/tex/latex/ctex/scheme/ctex-scheme-chi
nese.def
File: ctex-scheme-chinese.def 2022/07/14 v2.5.10 Chinese scheme for generic (CT
EX)

(e:/texlive/texlive_installing/texmf-dist/tex/latex/ctex/config/ctex-name-utf8.
cfg
File: ctex-name-utf8.cfg 2022/07/14 v2.5.10 Caption with encoding UTF-8 (CTEX)
)) (e:/texlive/texlive_installing/texmf-dist/tex/latex/tools/indentfirst.sty
Package: indentfirst 2023/07/02 v1.03 Indent first paragraph (DPC)
)
(e:/texlive/texlive_installing/texmf-dist/tex/latex/ctex/fontset/ctex-fontset-w
indows.def
File: ctex-fontset-windows.def 2022/07/14 v2.5.10 Windows fonts definition (CTE
X)
))
(e:/texlive/texlive_installing/texmf-dist/tex/latex/ctex/config/ctex.cfg
File: ctex.cfg 2022/07/14 v2.5.10 Configuration file (CTEX)
)
(e:/texlive/texlive_installing/texmf-dist/tex/latex/geometry/geometry.sty
Package: geometry 2020/01/02 v5.9 Page Geometry

(e:/texlive/texlive_installing/texmf-dist/tex/latex/graphics/keyval.sty
Package: keyval 2022/05/29 v1.15 key=value parser (DPC)
\KV@toks@=\toks21
)
(e:/texlive/texlive_installing/texmf-dist/tex/generic/iftex/ifvtex.sty
Package: ifvtex 2019/10/25 v1.7 ifvtex legacy package. Use iftex instead.
)
\Gm@cnth=\count275
\Gm@cntv=\count276
\c@Gm@tempcnt=\count277
\Gm@bindingoffset=\dimen145
\Gm@wd@mp=\dimen146
\Gm@odd@mp=\dimen147
\Gm@even@mp=\dimen148
\Gm@layoutwidth=\dimen149
\Gm@layoutheight=\dimen150
\Gm@layouthoffset=\dimen151
\Gm@layoutvoffset=\dimen152
\Gm@dimlist=\toks22
)
(e:/texlive/texlive_installing/texmf-dist/tex/latex/amsmath/amsmath.sty
Package: amsmath 2023/05/13 v2.17o AMS math features
\@mathmargin=\skip52

For additional information on amsmath, use the `?' option.
(e:/texlive/texlive_installing/texmf-dist/tex/latex/amsmath/amstext.sty
Package: amstext 2021/08/26 v2.01 AMS text

(e:/texlive/texlive_installing/texmf-dist/tex/latex/amsmath/amsgen.sty
File: amsgen.sty 1999/11/30 v2.0 generic functions
\@emptytoks=\toks23
\ex@=\dimen153
))
(e:/texlive/texlive_installing/texmf-dist/tex/latex/amsmath/amsbsy.sty
Package: amsbsy 1999/11/29 v1.2d Bold Symbols
\pmbraise@=\dimen154
)
(e:/texlive/texlive_installing/texmf-dist/tex/latex/amsmath/amsopn.sty
Package: amsopn 2022/04/08 v2.04 operator names
)
\inf@bad=\count278
LaTeX Info: Redefining \frac on input line 234.
\uproot@=\count279
\leftroot@=\count280
LaTeX Info: Redefining \overline on input line 399.
LaTeX Info: Redefining \colon on input line 410.
\classnum@=\count281
\DOTSCASE@=\count282
LaTeX Info: Redefining \ldots on input line 496.
LaTeX Info: Redefining \dots on input line 499.
LaTeX Info: Redefining \cdots on input line 620.
\Mathstrutbox@=\box55
\strutbox@=\box56
LaTeX Info: Redefining \big on input line 722.
LaTeX Info: Redefining \Big on input line 723.
LaTeX Info: Redefining \bigg on input line 724.
LaTeX Info: Redefining \Bigg on input line 725.
\big@size=\dimen155
LaTeX Font Info:    Redeclaring font encoding OML on input line 743.
LaTeX Font Info:    Redeclaring font encoding OMS on input line 744.
\macc@depth=\count283
LaTeX Info: Redefining \bmod on input line 905.
LaTeX Info: Redefining \pmod on input line 910.
LaTeX Info: Redefining \smash on input line 940.
LaTeX Info: Redefining \relbar on input line 970.
LaTeX Info: Redefining \Relbar on input line 971.
\c@MaxMatrixCols=\count284
\dotsspace@=\muskip16
\c@parentequation=\count285
\dspbrk@lvl=\count286
\tag@help=\toks24
\row@=\count287
\column@=\count288
\maxfields@=\count289
\andhelp@=\toks25
\eqnshift@=\dimen156
\alignsep@=\dimen157
\tagshift@=\dimen158
\tagwidth@=\dimen159
\totwidth@=\dimen160
\lineht@=\dimen161
\@envbody=\toks26
\multlinegap=\skip53
\multlinetaggap=\skip54
\mathdisplay@stack=\toks27
LaTeX Info: Redefining \[ on input line 2953.
LaTeX Info: Redefining \] on input line 2954.
)
(e:/texlive/texlive_installing/texmf-dist/tex/latex/amsfonts/amssymb.sty
Package: amssymb 2013/01/14 v3.01 AMS font symbols

(e:/texlive/texlive_installing/texmf-dist/tex/latex/amsfonts/amsfonts.sty
Package: amsfonts 2013/01/14 v3.01 Basic AMSFonts support
\symAMSa=\mathgroup4
\symAMSb=\mathgroup5
LaTeX Font Info:    Redeclaring math symbol \hbar on input line 98.
LaTeX Font Info:    Overwriting math alphabet `\mathfrak' in version `bold'
(Font)                  U/euf/m/n --> U/euf/b/n on input line 106.
))
(e:/texlive/texlive_installing/texmf-dist/tex/latex/amscls/amsthm.sty
Package: amsthm 2020/05/29 v2.20.6
\thm@style=\toks28
\thm@bodyfont=\toks29
\thm@headfont=\toks30
\thm@notefont=\toks31
\thm@headpunct=\toks32
\thm@preskip=\skip55
\thm@postskip=\skip56
\thm@headsep=\skip57
\dth@everypar=\toks33
)
(e:/texlive/texlive_installing/texmf-dist/tex/latex/graphics/graphicx.sty
Package: graphicx 2021/09/16 v1.2d Enhanced LaTeX Graphics (DPC,SPQR)

(e:/texlive/texlive_installing/texmf-dist/tex/latex/graphics/graphics.sty
Package: graphics 2022/03/10 v1.4e Standard LaTeX Graphics (DPC,SPQR)

(e:/texlive/texlive_installing/texmf-dist/tex/latex/graphics/trig.sty
Package: trig 2021/08/11 v1.11 sin cos tan (DPC)
)
(e:/texlive/texlive_installing/texmf-dist/tex/latex/graphics-cfg/graphics.cfg
File: graphics.cfg 2016/06/04 v1.11 sample graphics configuration
)
Package graphics Info: Driver file: pdftex.def on input line 107.

(e:/texlive/texlive_installing/texmf-dist/tex/latex/graphics-def/pdftex.def
File: pdftex.def 2022/09/22 v1.2b Graphics/color driver for pdftex
))
\Gin@req@height=\dimen162
\Gin@req@width=\dimen163
)
(e:/texlive/texlive_installing/texmf-dist/tex/latex/multirow/multirow.sty
Package: multirow 2021/03/15 v2.8 Span multiple rows of a table
\multirow@colwidth=\skip58
\multirow@cntb=\count290
\multirow@dima=\skip59
\bigstrutjot=\dimen164
)
(e:/texlive/texlive_installing/texmf-dist/tex/latex/fancyhdr/fancyhdr.sty
Package: fancyhdr 2022/11/09 v4.1 Extensive control of page headers and footers

\f@nch@headwidth=\skip60
\f@nch@O@elh=\skip61
\f@nch@O@erh=\skip62
\f@nch@O@olh=\skip63
\f@nch@O@orh=\skip64
\f@nch@O@elf=\skip65
\f@nch@O@erf=\skip66
\f@nch@O@olf=\skip67
\f@nch@O@orf=\skip68
)
(e:/texlive/texlive_installing/texmf-dist/tex/latex/titlesec/titlesec.sty
Package: titlesec 2023/10/27 v2.16 Sectioning titles
\ttl@box=\box57
\beforetitleunit=\skip69
\aftertitleunit=\skip70
\ttl@plus=\dimen165
\ttl@minus=\dimen166
\ttl@toksa=\toks34
\titlewidth=\dimen167
\titlewidthlast=\dimen168
\titlewidthfirst=\dimen169
)
(e:/texlive/texlive_installing/texmf-dist/tex/latex/titlesec/titletoc.sty
Package: titletoc 2023/10/27 v2.16 TOC entries
\ttl@leftsep=\dimen170
)
(e:/texlive/texlive_installing/texmf-dist/tex/latex/pdfpages/pdfpages.sty
Package: pdfpages 2024/01/21 v0.5y Insert pages of external PDF documents (AM)

(e:/texlive/texlive_installing/texmf-dist/tex/latex/base/ifthen.sty
Package: ifthen 2022/04/13 v1.1d Standard LaTeX ifthen package (DPC)
)
(e:/texlive/texlive_installing/texmf-dist/tex/latex/tools/calc.sty
Package: calc 2023/07/08 v4.3 Infix arithmetic (KKT,FJ)
\calc@Acount=\count291
\calc@Bcount=\count292
\calc@Adimen=\dimen171
\calc@Bdimen=\dimen172
\calc@Askip=\skip71
\calc@Bskip=\skip72
LaTeX Info: Redefining \setlength on input line 80.
LaTeX Info: Redefining \addtolength on input line 81.
\calc@Ccount=\count293
\calc@Cskip=\skip73
)
(e:/texlive/texlive_installing/texmf-dist/tex/latex/eso-pic/eso-pic.sty
Package: eso-pic 2023/05/03 v3.0c eso-pic (RN)
\ESO@tempdima=\dimen173
\ESO@tempdimb=\dimen174

(e:/texlive/texlive_installing/texmf-dist/tex/latex/xcolor/xcolor.sty
Package: xcolor 2023/11/15 v3.01 LaTeX color extensions (UK)

(e:/texlive/texlive_installing/texmf-dist/tex/latex/graphics-cfg/color.cfg
File: color.cfg 2016/01/02 v1.6 sample color configuration
)
Package xcolor Info: Driver file: pdftex.def on input line 274.

(e:/texlive/texlive_installing/texmf-dist/tex/latex/graphics/mathcolor.ltx)
Package xcolor Info: Model `cmy' substituted by `cmy0' on input line 1350.
Package xcolor Info: Model `hsb' substituted by `rgb' on input line 1354.
Package xcolor Info: Model `RGB' extended on input line 1366.
Package xcolor Info: Model `HTML' substituted by `rgb' on input line 1368.
Package xcolor Info: Model `Hsb' substituted by `hsb' on input line 1369.
Package xcolor Info: Model `tHsb' substituted by `hsb' on input line 1370.
Package xcolor Info: Model `HSB' substituted by `hsb' on input line 1371.
Package xcolor Info: Model `Gray' substituted by `gray' on input line 1372.
Package xcolor Info: Model `wave' substituted by `hsb' on input line 1373.
))
\AM@pagewidth=\dimen175
\AM@pageheight=\dimen176
\AM@fboxrule=\dimen177

(e:/texlive/texlive_installing/texmf-dist/tex/latex/pdfpages/pppdftex.def
File: pppdftex.def 2024/01/21 v0.5y Pdfpages driver for pdfTeX (AM)
)
\pdfpages@includegraphics@status=\count294
\AM@pagebox=\box58
\AM@global@opts=\toks35
\AM@pagecnt=\count295
\AM@toc@title=\toks36
\AM@lof@heading=\toks37
\c@AM@survey=\count296
\AM@templatesizebox=\box59
)
(e:/texlive/texlive_installing/texmf-dist/tex/latex/booktabs/booktabs.sty
Package: booktabs 2020/01/12 v1.61803398 Publication quality tables
\heavyrulewidth=\dimen178
\lightrulewidth=\dimen179
\cmidrulewidth=\dimen180
\belowrulesep=\dimen181
\belowbottomsep=\dimen182
\aboverulesep=\dimen183
\abovetopsep=\dimen184
\cmidrulesep=\dimen185
\cmidrulekern=\dimen186
\defaultaddspace=\dimen187
\@cmidla=\count297
\@cmidlb=\count298
\@aboverulesep=\dimen188
\@belowrulesep=\dimen189
\@thisruleclass=\count299
\@lastruleclass=\count300
\@thisrulewidth=\dimen190
)
(e:/texlive/texlive_installing/texmf-dist/tex/latex/gbt7714/gbt7714.sty
Package: gbt7714 2022/10/03 v2.1.5 GB/T 7714 BibTeX Style

(e:/texlive/texlive_installing/texmf-dist/tex/latex/natbib/natbib.sty
Package: natbib 2010/09/13 8.31b (PWD, AO)
\bibhang=\skip74
\bibsep=\skip75
LaTeX Info: Redefining \cite on input line 694.
\c@NAT@ctr=\count301
)
(e:/texlive/texlive_installing/texmf-dist/tex/latex/url/url.sty
\Urlmuskip=\muskip17
Package: url 2013/09/16  ver 3.4  Verb mode for urls, etc.
))
(e:/texlive/texlive_installing/texmf-dist/tex/latex/algorithms/algorithm.sty
Package: algorithm 2009/08/24 v0.1 Document Style `algorithm' - floating enviro
nment

(e:/texlive/texlive_installing/texmf-dist/tex/latex/float/float.sty
Package: float 2001/11/08 v1.3d Float enhancements (AL)
\c@float@type=\count302
\float@exts=\toks38
\float@box=\box60
\@float@everytoks=\toks39
\@floatcapt=\box61
)
\@float@every@algorithm=\toks40
\c@algorithm=\count303
)
(e:/texlive/texlive_installing/texmf-dist/tex/latex/algorithmicx/algpseudocode.
sty
Package: algpseudocode 

(e:/texlive/texlive_installing/texmf-dist/tex/latex/algorithmicx/algorithmicx.s
ty
Package: algorithmicx 2005/04/27 v1.2 Algorithmicx

Document Style algorithmicx 1.2 - a greatly improved `algorithmic' style
\c@ALG@line=\count304
\c@ALG@rem=\count305
\c@ALG@nested=\count306
\ALG@tlm=\skip76
\ALG@thistlm=\skip77
\c@ALG@Lnr=\count307
\c@ALG@blocknr=\count308
\c@ALG@storecount=\count309
\c@ALG@tmpcounter=\count310
\ALG@tmplength=\skip78
)
Document Style - pseudocode environments for use with the `algorithmicx' style
) (e:/texlive/texlive_installing/texmf-dist/tex/latex/caption/caption.sty
Package: caption 2023/08/05 v3.6o Customizing captions (AR)

(e:/texlive/texlive_installing/texmf-dist/tex/latex/caption/caption3.sty
Package: caption3 2023/07/31 v2.4d caption3 kernel (AR)
\caption@tempdima=\dimen191
\captionmargin=\dimen192
\caption@leftmargin=\dimen193
\caption@rightmargin=\dimen194
\caption@width=\dimen195
\caption@indent=\dimen196
\caption@parindent=\dimen197
\caption@hangindent=\dimen198
Package caption Info: Standard document class detected.
)
\c@caption@flags=\count311
\c@continuedfloat=\count312
Package caption Info: float package is loaded.
)
(e:/texlive/texlive_installing/texmf-dist/tex/latex/pgf/frontendlayer/tikz.sty
(e:/texlive/texlive_installing/texmf-dist/tex/latex/pgf/basiclayer/pgf.sty
(e:/texlive/texlive_installing/texmf-dist/tex/latex/pgf/utilities/pgfrcs.sty
(e:/texlive/texlive_installing/texmf-dist/tex/generic/pgf/utilities/pgfutil-com
mon.tex
\pgfutil@everybye=\toks41
\pgfutil@tempdima=\dimen199
\pgfutil@tempdimb=\dimen256
)
(e:/texlive/texlive_installing/texmf-dist/tex/generic/pgf/utilities/pgfutil-lat
ex.def
\pgfutil@abb=\box62
)
(e:/texlive/texlive_installing/texmf-dist/tex/generic/pgf/utilities/pgfrcs.code
.tex (e:/texlive/texlive_installing/texmf-dist/tex/generic/pgf/pgf.revision.tex
)
Package: pgfrcs 2023-01-15 v3.1.10 (3.1.10)
))
Package: pgf 2023-01-15 v3.1.10 (3.1.10)

(e:/texlive/texlive_installing/texmf-dist/tex/latex/pgf/basiclayer/pgfcore.sty
(e:/texlive/texlive_installing/texmf-dist/tex/latex/pgf/systemlayer/pgfsys.sty
(e:/texlive/texlive_installing/texmf-dist/tex/generic/pgf/systemlayer/pgfsys.co
de.tex
Package: pgfsys 2023-01-15 v3.1.10 (3.1.10)

(e:/texlive/texlive_installing/texmf-dist/tex/generic/pgf/utilities/pgfkeys.cod
e.tex
\pgfkeys@pathtoks=\toks42
\pgfkeys@temptoks=\toks43

(e:/texlive/texlive_installing/texmf-dist/tex/generic/pgf/utilities/pgfkeyslibr
aryfiltered.code.tex
\pgfkeys@tmptoks=\toks44
))
\pgf@x=\dimen257
\pgf@y=\dimen258
\pgf@xa=\dimen259
\pgf@ya=\dimen260
\pgf@xb=\dimen261
\pgf@yb=\dimen262
\pgf@xc=\dimen263
\pgf@yc=\dimen264
\pgf@xd=\dimen265
\pgf@yd=\dimen266
\w@pgf@writea=\write3
\r@pgf@reada=\read2
\c@pgf@counta=\count313
\c@pgf@countb=\count314
\c@pgf@countc=\count315
\c@pgf@countd=\count316
\t@pgf@toka=\toks45
\t@pgf@tokb=\toks46
\t@pgf@tokc=\toks47
\pgf@sys@id@count=\count317

(e:/texlive/texlive_installing/texmf-dist/tex/generic/pgf/systemlayer/pgf.cfg
File: pgf.cfg 2023-01-15 v3.1.10 (3.1.10)
)
Driver file for pgf: pgfsys-pdftex.def

(e:/texlive/texlive_installing/texmf-dist/tex/generic/pgf/systemlayer/pgfsys-pd
ftex.def
File: pgfsys-pdftex.def 2023-01-15 v3.1.10 (3.1.10)

(e:/texlive/texlive_installing/texmf-dist/tex/generic/pgf/systemlayer/pgfsys-co
mmon-pdf.def
File: pgfsys-common-pdf.def 2023-01-15 v3.1.10 (3.1.10)
)))
(e:/texlive/texlive_installing/texmf-dist/tex/generic/pgf/systemlayer/pgfsyssof
tpath.code.tex
File: pgfsyssoftpath.code.tex 2023-01-15 v3.1.10 (3.1.10)
\pgfsyssoftpath@smallbuffer@items=\count318
\pgfsyssoftpath@bigbuffer@items=\count319
)
(e:/texlive/texlive_installing/texmf-dist/tex/generic/pgf/systemlayer/pgfsyspro
tocol.code.tex
File: pgfsysprotocol.code.tex 2023-01-15 v3.1.10 (3.1.10)
))
(e:/texlive/texlive_installing/texmf-dist/tex/generic/pgf/basiclayer/pgfcore.co
de.tex
Package: pgfcore 2023-01-15 v3.1.10 (3.1.10)

(e:/texlive/texlive_installing/texmf-dist/tex/generic/pgf/math/pgfmath.code.tex

(e:/texlive/texlive_installing/texmf-dist/tex/generic/pgf/math/pgfmathutil.code
.tex)
(e:/texlive/texlive_installing/texmf-dist/tex/generic/pgf/math/pgfmathparser.co
de.tex
\pgfmath@dimen=\dimen267
\pgfmath@count=\count320
\pgfmath@box=\box63
\pgfmath@toks=\toks48
\pgfmath@stack@operand=\toks49
\pgfmath@stack@operation=\toks50
)
(e:/texlive/texlive_installing/texmf-dist/tex/generic/pgf/math/pgfmathfunctions
.code.tex)
(e:/texlive/texlive_installing/texmf-dist/tex/generic/pgf/math/pgfmathfunctions
.basic.code.tex)
(e:/texlive/texlive_installing/texmf-dist/tex/generic/pgf/math/pgfmathfunctions
.trigonometric.code.tex)
(e:/texlive/texlive_installing/texmf-dist/tex/generic/pgf/math/pgfmathfunctions
.random.code.tex)
(e:/texlive/texlive_installing/texmf-dist/tex/generic/pgf/math/pgfmathfunctions
.comparison.code.tex)
(e:/texlive/texlive_installing/texmf-dist/tex/generic/pgf/math/pgfmathfunctions
.base.code.tex)
(e:/texlive/texlive_installing/texmf-dist/tex/generic/pgf/math/pgfmathfunctions
.round.code.tex)
(e:/texlive/texlive_installing/texmf-dist/tex/generic/pgf/math/pgfmathfunctions
.misc.code.tex)
(e:/texlive/texlive_installing/texmf-dist/tex/generic/pgf/math/pgfmathfunctions
.integerarithmetics.code.tex)
(e:/texlive/texlive_installing/texmf-dist/tex/generic/pgf/math/pgfmathcalc.code
.tex)
(e:/texlive/texlive_installing/texmf-dist/tex/generic/pgf/math/pgfmathfloat.cod
e.tex
\c@pgfmathroundto@lastzeros=\count321
))
(e:/texlive/texlive_installing/texmf-dist/tex/generic/pgf/math/pgfint.code.tex)

(e:/texlive/texlive_installing/texmf-dist/tex/generic/pgf/basiclayer/pgfcorepoi
nts.code.tex
File: pgfcorepoints.code.tex 2023-01-15 v3.1.10 (3.1.10)
\pgf@picminx=\dimen268
\pgf@picmaxx=\dimen269
\pgf@picminy=\dimen270
\pgf@picmaxy=\dimen271
\pgf@pathminx=\dimen272
\pgf@pathmaxx=\dimen273
\pgf@pathminy=\dimen274
\pgf@pathmaxy=\dimen275
\pgf@xx=\dimen276
\pgf@xy=\dimen277
\pgf@yx=\dimen278
\pgf@yy=\dimen279
\pgf@zx=\dimen280
\pgf@zy=\dimen281
)
(e:/texlive/texlive_installing/texmf-dist/tex/generic/pgf/basiclayer/pgfcorepat
hconstruct.code.tex
File: pgfcorepathconstruct.code.tex 2023-01-15 v3.1.10 (3.1.10)
\pgf@path@lastx=\dimen282
\pgf@path@lasty=\dimen283
)
(e:/texlive/texlive_installing/texmf-dist/tex/generic/pgf/basiclayer/pgfcorepat
husage.code.tex
File: pgfcorepathusage.code.tex 2023-01-15 v3.1.10 (3.1.10)
\pgf@shorten@end@additional=\dimen284
\pgf@shorten@start@additional=\dimen285
)
(e:/texlive/texlive_installing/texmf-dist/tex/generic/pgf/basiclayer/pgfcoresco
pes.code.tex
File: pgfcorescopes.code.tex 2023-01-15 v3.1.10 (3.1.10)
\pgfpic=\box64
\pgf@hbox=\box65
\pgf@layerbox@main=\box66
\pgf@picture@serial@count=\count322
)
(e:/texlive/texlive_installing/texmf-dist/tex/generic/pgf/basiclayer/pgfcoregra
phicstate.code.tex
File: pgfcoregraphicstate.code.tex 2023-01-15 v3.1.10 (3.1.10)
\pgflinewidth=\dimen286
)
(e:/texlive/texlive_installing/texmf-dist/tex/generic/pgf/basiclayer/pgfcoretra
nsformations.code.tex
File: pgfcoretransformations.code.tex 2023-01-15 v3.1.10 (3.1.10)
\pgf@pt@x=\dimen287
\pgf@pt@y=\dimen288
\pgf@pt@temp=\dimen289
)
(e:/texlive/texlive_installing/texmf-dist/tex/generic/pgf/basiclayer/pgfcorequi
ck.code.tex
File: pgfcorequick.code.tex 2023-01-15 v3.1.10 (3.1.10)
)
(e:/texlive/texlive_installing/texmf-dist/tex/generic/pgf/basiclayer/pgfcoreobj
ects.code.tex
File: pgfcoreobjects.code.tex 2023-01-15 v3.1.10 (3.1.10)
)
(e:/texlive/texlive_installing/texmf-dist/tex/generic/pgf/basiclayer/pgfcorepat
hprocessing.code.tex
File: pgfcorepathprocessing.code.tex 2023-01-15 v3.1.10 (3.1.10)
)
(e:/texlive/texlive_installing/texmf-dist/tex/generic/pgf/basiclayer/pgfcorearr
ows.code.tex
File: pgfcorearrows.code.tex 2023-01-15 v3.1.10 (3.1.10)
\pgfarrowsep=\dimen290
)
(e:/texlive/texlive_installing/texmf-dist/tex/generic/pgf/basiclayer/pgfcoresha
de.code.tex
File: pgfcoreshade.code.tex 2023-01-15 v3.1.10 (3.1.10)
\pgf@max=\dimen291
\pgf@sys@shading@range@num=\count323
\pgf@shadingcount=\count324
)
(e:/texlive/texlive_installing/texmf-dist/tex/generic/pgf/basiclayer/pgfcoreima
ge.code.tex
File: pgfcoreimage.code.tex 2023-01-15 v3.1.10 (3.1.10)
)
(e:/texlive/texlive_installing/texmf-dist/tex/generic/pgf/basiclayer/pgfcoreext
ernal.code.tex
File: pgfcoreexternal.code.tex 2023-01-15 v3.1.10 (3.1.10)
\pgfexternal@startupbox=\box67
)
(e:/texlive/texlive_installing/texmf-dist/tex/generic/pgf/basiclayer/pgfcorelay
ers.code.tex
File: pgfcorelayers.code.tex 2023-01-15 v3.1.10 (3.1.10)
)
(e:/texlive/texlive_installing/texmf-dist/tex/generic/pgf/basiclayer/pgfcoretra
nsparency.code.tex
File: pgfcoretransparency.code.tex 2023-01-15 v3.1.10 (3.1.10)
)
(e:/texlive/texlive_installing/texmf-dist/tex/generic/pgf/basiclayer/pgfcorepat
terns.code.tex
File: pgfcorepatterns.code.tex 2023-01-15 v3.1.10 (3.1.10)
)
(e:/texlive/texlive_installing/texmf-dist/tex/generic/pgf/basiclayer/pgfcorerdf
.code.tex
File: pgfcorerdf.code.tex 2023-01-15 v3.1.10 (3.1.10)
)))
(e:/texlive/texlive_installing/texmf-dist/tex/generic/pgf/modules/pgfmoduleshap
es.code.tex
File: pgfmoduleshapes.code.tex 2023-01-15 v3.1.10 (3.1.10)
\pgfnodeparttextbox=\box68
)
(e:/texlive/texlive_installing/texmf-dist/tex/generic/pgf/modules/pgfmoduleplot
.code.tex
File: pgfmoduleplot.code.tex 2023-01-15 v3.1.10 (3.1.10)
)
(e:/texlive/texlive_installing/texmf-dist/tex/latex/pgf/compatibility/pgfcomp-v
ersion-0-65.sty
Package: pgfcomp-version-0-65 2023-01-15 v3.1.10 (3.1.10)
\pgf@nodesepstart=\dimen292
\pgf@nodesepend=\dimen293
)
(e:/texlive/texlive_installing/texmf-dist/tex/latex/pgf/compatibility/pgfcomp-v
ersion-1-18.sty
Package: pgfcomp-version-1-18 2023-01-15 v3.1.10 (3.1.10)
))
(e:/texlive/texlive_installing/texmf-dist/tex/latex/pgf/utilities/pgffor.sty
(e:/texlive/texlive_installing/texmf-dist/tex/latex/pgf/utilities/pgfkeys.sty
(e:/texlive/texlive_installing/texmf-dist/tex/generic/pgf/utilities/pgfkeys.cod
e.tex))
(e:/texlive/texlive_installing/texmf-dist/tex/latex/pgf/math/pgfmath.sty
(e:/texlive/texlive_installing/texmf-dist/tex/generic/pgf/math/pgfmath.code.tex
))
(e:/texlive/texlive_installing/texmf-dist/tex/generic/pgf/utilities/pgffor.code
.tex
Package: pgffor 2023-01-15 v3.1.10 (3.1.10)
\pgffor@iter=\dimen294
\pgffor@skip=\dimen295
\pgffor@stack=\toks51
\pgffor@toks=\toks52
))
(e:/texlive/texlive_installing/texmf-dist/tex/generic/pgf/frontendlayer/tikz/ti
kz.code.tex
Package: tikz 2023-01-15 v3.1.10 (3.1.10)

(e:/texlive/texlive_installing/texmf-dist/tex/generic/pgf/libraries/pgflibraryp
lothandlers.code.tex
File: pgflibraryplothandlers.code.tex 2023-01-15 v3.1.10 (3.1.10)
\pgf@plot@mark@count=\count325
\pgfplotmarksize=\dimen296
)
\tikz@lastx=\dimen297
\tikz@lasty=\dimen298
\tikz@lastxsaved=\dimen299
\tikz@lastysaved=\dimen300
\tikz@lastmovetox=\dimen301
\tikz@lastmovetoy=\dimen302
\tikzleveldistance=\dimen303
\tikzsiblingdistance=\dimen304
\tikz@figbox=\box69
\tikz@figbox@bg=\box70
\tikz@tempbox=\box71
\tikz@tempbox@bg=\box72
\tikztreelevel=\count326
\tikznumberofchildren=\count327
\tikznumberofcurrentchild=\count328
\tikz@fig@count=\count329

(e:/texlive/texlive_installing/texmf-dist/tex/generic/pgf/modules/pgfmodulematr
ix.code.tex
File: pgfmodulematrix.code.tex 2023-01-15 v3.1.10 (3.1.10)
\pgfmatrixcurrentrow=\count330
\pgfmatrixcurrentcolumn=\count331
\pgf@matrix@numberofcolumns=\count332
)
\tikz@expandcount=\count333

(e:/texlive/texlive_installing/texmf-dist/tex/generic/pgf/frontendlayer/tikz/li
braries/tikzlibrarytopaths.code.tex
File: tikzlibrarytopaths.code.tex 2023-01-15 v3.1.10 (3.1.10)
)))
(e:/texlive/texlive_installing/texmf-dist/tex/latex/hyperref/hyperref.sty
Package: hyperref 2024-01-20 v7.01h Hypertext links for LaTeX

(e:/texlive/texlive_installing/texmf-dist/tex/latex/kvsetkeys/kvsetkeys.sty
Package: kvsetkeys 2022-10-05 v1.19 Key value parser (HO)
)
(e:/texlive/texlive_installing/texmf-dist/tex/generic/kvdefinekeys/kvdefinekeys
.sty
Package: kvdefinekeys 2019-12-19 v1.6 Define keys (HO)
)
(e:/texlive/texlive_installing/texmf-dist/tex/generic/pdfescape/pdfescape.sty
Package: pdfescape 2019/12/09 v1.15 Implements pdfTeX's escape features (HO)

(e:/texlive/texlive_installing/texmf-dist/tex/generic/ltxcmds/ltxcmds.sty
Package: ltxcmds 2023-12-04 v1.26 LaTeX kernel commands for general use (HO)
)
(e:/texlive/texlive_installing/texmf-dist/tex/generic/pdftexcmds/pdftexcmds.sty
Package: pdftexcmds 2020-06-27 v0.33 Utility functions of pdfTeX for LuaTeX (HO
)
(e:/texlive/texlive_installing/texmf-dist/tex/generic/infwarerr/infwarerr.sty
Package: infwarerr 2019/12/03 v1.5 Providing info/warning/error messages (HO)
)
Package pdftexcmds Info: \pdf@primitive is available.
Package pdftexcmds Info: \pdf@ifprimitive is available.
Package pdftexcmds Info: \pdfdraftmode found.
)) (e:/texlive/texlive_installing/texmf-dist/tex/latex/hycolor/hycolor.sty
Package: hycolor 2020-01-27 v1.10 Color options for hyperref/bookmark (HO)
)
(e:/texlive/texlive_installing/texmf-dist/tex/latex/auxhook/auxhook.sty
Package: auxhook 2019-12-17 v1.6 Hooks for auxiliary files (HO)
)
(e:/texlive/texlive_installing/texmf-dist/tex/latex/hyperref/nameref.sty
Package: nameref 2023-11-26 v2.56 Cross-referencing by name of section

(e:/texlive/texlive_installing/texmf-dist/tex/latex/refcount/refcount.sty
Package: refcount 2019/12/15 v3.6 Data extraction from label references (HO)
)
(e:/texlive/texlive_installing/texmf-dist/tex/generic/gettitlestring/gettitlest
ring.sty
Package: gettitlestring 2019/12/15 v1.6 Cleanup title references (HO)

(e:/texlive/texlive_installing/texmf-dist/tex/latex/kvoptions/kvoptions.sty
Package: kvoptions 2022-06-15 v3.15 Key value format for package options (HO)
))
\c@section@level=\count334
)
(e:/texlive/texlive_installing/texmf-dist/tex/latex/etoolbox/etoolbox.sty
Package: etoolbox 2020/10/05 v2.5k e-TeX tools for LaTeX (JAW)
\etb@tempcnta=\count335
)
\@linkdim=\dimen305
\Hy@linkcounter=\count336
\Hy@pagecounter=\count337

(e:/texlive/texlive_installing/texmf-dist/tex/latex/hyperref/pd1enc.def
File: pd1enc.def 2024-01-20 v7.01h Hyperref: PDFDocEncoding definition (HO)
Now handling font encoding PD1 ...
... no UTF-8 mapping file for font encoding PD1
)
(e:/texlive/texlive_installing/texmf-dist/tex/generic/intcalc/intcalc.sty
Package: intcalc 2019/12/15 v1.3 Expandable calculations with integers (HO)
)
\Hy@SavedSpaceFactor=\count338

(e:/texlive/texlive_installing/texmf-dist/tex/latex/hyperref/puenc.def
File: puenc.def 2024-01-20 v7.01h Hyperref: PDF Unicode definition (HO)
Now handling font encoding PU ...
... no UTF-8 mapping file for font encoding PU
)
Package hyperref Info: Option `unicode' set `true' on input line 4062.
Package hyperref Info: Hyper figures OFF on input line 4179.
Package hyperref Info: Link nesting OFF on input line 4184.
Package hyperref Info: Hyper index ON on input line 4187.
Package hyperref Info: Plain pages OFF on input line 4194.
Package hyperref Info: Backreferencing OFF on input line 4199.
Package hyperref Info: Implicit mode ON; LaTeX internals redefined.
Package hyperref Info: Bookmarks ON on input line 4446.
\c@Hy@tempcnt=\count339
LaTeX Info: Redefining \url on input line 4784.
\XeTeXLinkMargin=\dimen306

(e:/texlive/texlive_installing/texmf-dist/tex/generic/bitset/bitset.sty
Package: bitset 2019/12/09 v1.3 Handle bit-vector datatype (HO)

(e:/texlive/texlive_installing/texmf-dist/tex/generic/bigintcalc/bigintcalc.sty
Package: bigintcalc 2019/12/15 v1.5 Expandable calculations on big integers (HO
)
))
\Fld@menulength=\count340
\Field@Width=\dimen307
\Fld@charsize=\dimen308
Package hyperref Info: Hyper figures OFF on input line 6063.
Package hyperref Info: Link nesting OFF on input line 6068.
Package hyperref Info: Hyper index ON on input line 6071.
Package hyperref Info: backreferencing OFF on input line 6078.
Package hyperref Info: Link coloring OFF on input line 6083.
Package hyperref Info: Link coloring with OCG OFF on input line 6088.
Package hyperref Info: PDF/A mode OFF on input line 6093.
 (e:/texlive/texlive_installing/texmf-dist/tex/latex/base/atbegshi-ltx.sty
Package: atbegshi-ltx 2021/01/10 v1.0c Emulation of the original atbegshi
package with kernel methods
)
\Hy@abspage=\count341
\c@Item=\count342
\c@Hfootnote=\count343
)
Package hyperref Info: Driver (autodetected): hpdftex.

(e:/texlive/texlive_installing/texmf-dist/tex/latex/hyperref/hpdftex.def
File: hpdftex.def 2024-01-20 v7.01h Hyperref driver for pdfTeX

(e:/texlive/texlive_installing/texmf-dist/tex/latex/base/atveryend-ltx.sty
Package: atveryend-ltx 2020/08/19 v1.0a Emulation of the original atveryend pac
kage
with kernel methods
)
\Fld@listcount=\count344
\c@bookmark@seq@number=\count345

(e:/texlive/texlive_installing/texmf-dist/tex/latex/rerunfilecheck/rerunfileche
ck.sty
Package: rerunfilecheck 2022-07-10 v1.10 Rerun checks for auxiliary files (HO)

(e:/texlive/texlive_installing/texmf-dist/tex/generic/uniquecounter/uniquecount
er.sty
Package: uniquecounter 2019/12/15 v1.4 Provide unlimited unique counter (HO)
)
Package uniquecounter Info: New unique counter `rerunfilecheck' on input line 2
85.
)
\Hy@SectionHShift=\skip79
)
Package hyperref Info: Option `colorlinks' set `true' on input line 41.
\c@theorem=\count346
\c@solution=\count347
\c@example=\count348
\c@verification=\count349

(e:/texlive/texlive_installing/texmf-dist/tex/latex/cjk/texinput/UTF8/UTF8.enc
File: UTF8.enc 2021/10/16 4.8.5
) (e:/texlive/texlive_installing/texmf-dist/tex/latex/cjk/texinput/UTF8/UTF8.ch
r
File: UTF8.chr 2021/10/16 4.8.5
) (./ÂÅèÂæÆÂàÜÊ≥¢Âä®ÊñπÁ®ã.aux)
\openout1 = `ÂÅèÂæÆÂàÜÊ≥¢Âä®ÊñπÁ®ã.aux'.

LaTeX Font Info:    Checking defaults for OML/cmm/m/it on input line 86.
LaTeX Font Info:    ... okay on input line 86.
LaTeX Font Info:    Checking defaults for OMS/cmsy/m/n on input line 86.
LaTeX Font Info:    ... okay on input line 86.
LaTeX Font Info:    Checking defaults for OT1/cmr/m/n on input line 86.
LaTeX Font Info:    ... okay on input line 86.
LaTeX Font Info:    Checking defaults for T1/cmr/m/n on input line 86.
LaTeX Font Info:    ... okay on input line 86.
LaTeX Font Info:    Checking defaults for TS1/cmr/m/n on input line 86.
LaTeX Font Info:    ... okay on input line 86.
LaTeX Font Info:    Checking defaults for OMX/cmex/m/n on input line 86.
LaTeX Font Info:    ... okay on input line 86.
LaTeX Font Info:    Checking defaults for U/cmr/m/n on input line 86.
LaTeX Font Info:    ... okay on input line 86.
LaTeX Font Info:    Checking defaults for C00/song/m/n on input line 86.
LaTeX Font Info:    ... okay on input line 86.
LaTeX Font Info:    Checking defaults for C05/song/m/n on input line 86.
LaTeX Font Info:    ... okay on input line 86.
LaTeX Font Info:    Checking defaults for C09/song/m/n on input line 86.
LaTeX Font Info:    ... okay on input line 86.
LaTeX Font Info:    Checking defaults for C10/song/m/n on input line 86.
LaTeX Font Info:    ... okay on input line 86.
LaTeX Font Info:    Checking defaults for C20/song/m/n on input line 86.
LaTeX Font Info:    ... okay on input line 86.
LaTeX Font Info:    Checking defaults for C19/song/m/n on input line 86.
LaTeX Font Info:    ... okay on input line 86.
LaTeX Font Info:    Checking defaults for C40/song/m/n on input line 86.
LaTeX Font Info:    ... okay on input line 86.
LaTeX Font Info:    Checking defaults for C42/song/m/n on input line 86.
LaTeX Font Info:    ... okay on input line 86.
LaTeX Font Info:    Checking defaults for C43/song/m/n on input line 86.
LaTeX Font Info:    ... okay on input line 86.
LaTeX Font Info:    Checking defaults for C50/song/m/n on input line 86.
LaTeX Font Info:    ... okay on input line 86.
LaTeX Font Info:    Checking defaults for C52/song/m/n on input line 86.
LaTeX Font Info:    ... okay on input line 86.
LaTeX Font Info:    Checking defaults for C49/song/m/n on input line 86.
LaTeX Font Info:    ... okay on input line 86.
LaTeX Font Info:    Checking defaults for C60/mj/m/n on input line 86.
LaTeX Font Info:    ... okay on input line 86.
LaTeX Font Info:    Checking defaults for C61/mj/m/n on input line 86.
LaTeX Font Info:    ... okay on input line 86.
LaTeX Font Info:    Checking defaults for C63/mj/m/n on input line 86.
LaTeX Font Info:    ... okay on input line 86.
LaTeX Font Info:    Checking defaults for C64/mj/m/n on input line 86.
LaTeX Font Info:    ... okay on input line 86.
LaTeX Font Info:    Checking defaults for C65/mj/m/n on input line 86.
LaTeX Font Info:    ... okay on input line 86.
LaTeX Font Info:    Checking defaults for C70/song/m/n on input line 86.
LaTeX Font Info:    ... okay on input line 86.
LaTeX Font Info:    Checking defaults for C31/song/m/n on input line 86.
LaTeX Font Info:    ... okay on input line 86.
LaTeX Font Info:    Checking defaults for C32/song/m/n on input line 86.
LaTeX Font Info:    ... okay on input line 86.
LaTeX Font Info:    Checking defaults for C33/song/m/n on input line 86.
LaTeX Font Info:    ... okay on input line 86.
LaTeX Font Info:    Checking defaults for C34/song/m/n on input line 86.
LaTeX Font Info:    ... okay on input line 86.
LaTeX Font Info:    Checking defaults for C35/song/m/n on input line 86.
LaTeX Font Info:    ... okay on input line 86.
LaTeX Font Info:    Checking defaults for C36/song/m/n on input line 86.
LaTeX Font Info:    ... okay on input line 86.
LaTeX Font Info:    Checking defaults for C37/song/m/n on input line 86.
LaTeX Font Info:    ... okay on input line 86.
LaTeX Font Info:    Checking defaults for C80/song/m/n on input line 86.
LaTeX Font Info:    ... okay on input line 86.
LaTeX Font Info:    Checking defaults for C81/song/m/n on input line 86.
LaTeX Font Info:    ... okay on input line 86.
LaTeX Font Info:    Checking defaults for C01/song/m/n on input line 86.
LaTeX Font Info:    ... okay on input line 86.
LaTeX Font Info:    Checking defaults for C11/song/m/n on input line 86.
LaTeX Font Info:    ... okay on input line 86.
LaTeX Font Info:    Checking defaults for C21/song/m/n on input line 86.
LaTeX Font Info:    ... okay on input line 86.
LaTeX Font Info:    Checking defaults for C41/song/m/n on input line 86.
LaTeX Font Info:    ... okay on input line 86.
LaTeX Font Info:    Checking defaults for C62/song/m/n on input line 86.
LaTeX Font Info:    ... okay on input line 86.
LaTeX Font Info:    Checking defaults for PD1/pdf/m/n on input line 86.
LaTeX Font Info:    ... okay on input line 86.
LaTeX Font Info:    Checking defaults for PU/pdf/m/n on input line 86.
LaTeX Font Info:    ... okay on input line 86.

*geometry* driver: auto-detecting
*geometry* detected driver: pdftex
*geometry* verbose mode - [ preamble ] result:
* driver: pdftex
* paper: a4paper
* layout: <same size as paper>
* layoutoffset:(h,v)=(0.0pt,0.0pt)
* modes: 
* h-part:(L,W,R)=(68.28644pt, 460.935pt, 68.28644pt)
* v-part:(T,H,B)=(68.28644pt, 708.47397pt, 68.28644pt)
* \paperwidth=597.50787pt
* \paperheight=845.04684pt
* \textwidth=460.935pt
* \textheight=708.47397pt
* \oddsidemargin=-3.98355pt
* \evensidemargin=-3.98355pt
* \topmargin=-40.98355pt
* \headheight=12.0pt
* \headsep=25.0pt
* \topskip=12.0pt
* \footskip=30.0pt
* \marginparwidth=35.0pt
* \marginparsep=10.0pt
* \columnsep=10.0pt
* \skip\footins=10.8pt plus 4.0pt minus 2.0pt
* \hoffset=0.0pt
* \voffset=0.0pt
* \mag=1000
* \@twocolumnfalse
* \@twosidefalse
* \@mparswitchfalse
* \@reversemarginfalse
* (1in=72.27pt=25.4mm, 1cm=28.453pt)

(e:/texlive/texlive_installing/texmf-dist/tex/context/base/mkii/supp-pdf.mkii
[Loading MPS to PDF converter (version 2006.09.02).]
\scratchcounter=\count350
\scratchdimen=\dimen309
\scratchbox=\box73
\nofMPsegments=\count351
\nofMParguments=\count352
\everyMPshowfont=\toks53
\MPscratchCnt=\count353
\MPscratchDim=\dimen310
\MPnumerator=\count354
\makeMPintoPDFobject=\count355
\everyMPtoPDFconversion=\toks54
)
(e:/texlive/texlive_installing/texmf-dist/tex/latex/epstopdf-pkg/epstopdf-base.
sty
Package: epstopdf-base 2020-01-24 v2.11 Base part for package epstopdf
Package epstopdf-base Info: Redefining graphics rule for `.eps' on input line 4
85.

(e:/texlive/texlive_installing/texmf-dist/tex/latex/latexconfig/epstopdf-sys.cf
g
File: epstopdf-sys.cfg 2010/07/13 v1.3 Configuration of (r)epstopdf for TeX Liv
e
)) (e:/texlive/texlive_installing/texmf-dist/tex/latex/pdflscape/pdflscape.sty
Package: pdflscape 2022-10-27 v0.13 Display of landscape pages in PDF

(e:/texlive/texlive_installing/texmf-dist/tex/latex/pdflscape/pdflscape-nometad
ata.sty
Package: pdflscape-nometadata 2022-10-28 v0.13 Display of landscape pages in PD
F (HO)
 (e:/texlive/texlive_installing/texmf-dist/tex/latex/graphics/lscape.sty
Package: lscape 2020/05/28 v3.02 Landscape Pages (DPC)
)
Package pdflscape Info: Auto-detected driver: pdftex on input line 81.
))
Package caption Info: Begin \AtBeginDocument code.
Package caption Info: hyperref package is loaded.
Package caption Info: End \AtBeginDocument code.
Package hyperref Info: Link coloring ON on input line 86.
 (./ÂÅèÂæÆÂàÜÊ≥¢Âä®ÊñπÁ®ã.out) (./ÂÅèÂæÆÂàÜÊ≥¢Âä®ÊñπÁ®ã.out)
\@outlinefile=\write4
\openout4 = `ÂÅèÂæÆÂàÜÊ≥¢Âä®ÊñπÁ®ã.out'.



pdfTeX warning: pdflatex.exe (file ./cover.pdf): PDF inclusion: found PDF versi
on <1.7>, but at most version <1.5> allowed
<cover.pdf, id=352, 597.53236pt x 845.05714pt>
File: cover.pdf Graphic file (type pdf)
<use cover.pdf>
Package pdftex.def Info: cover.pdf  used on input line 89.
(pdftex.def)             Requested size: 597.5309pt x 845.05507pt.


pdfTeX warning: pdflatex.exe (file ./cover.pdf): PDF inclusion: found PDF versi
on <1.7>, but at most version <1.5> allowed
File: cover.pdf Graphic file (type pdf)
<use cover.pdf>
Package pdftex.def Info: cover.pdf  used on input line 89.
(pdftex.def)             Requested size: 597.5309pt x 845.05507pt.


pdfTeX warning: pdflatex.exe (file ./cover.pdf): PDF inclusion: found PDF versi
on <1.7>, but at most version <1.5> allowed


pdfTeX warning: pdflatex.exe (file ./cover.pdf): PDF inclusion: found PDF versi
on <1.7>, but at most version <1.5> allowed
<cover.pdf, id=355, page=1, 597.53236pt x 845.05714pt>
File: cover.pdf Graphic file (type pdf)
<use cover.pdf, page 1>
Package pdftex.def Info: cover.pdf , page1 used on input line 89.
(pdftex.def)             Requested size: 597.5309pt x 845.05507pt.
File: cover.pdf Graphic file (type pdf)
<use cover.pdf, page 1>
Package pdftex.def Info: cover.pdf , page1 used on input line 89.
(pdftex.def)             Requested size: 597.55824pt x 845.09375pt.
File: cover.pdf Graphic file (type pdf)
<use cover.pdf, page 1>
Package pdftex.def Info: cover.pdf , page1 used on input line 89.
(pdftex.def)             Requested size: 597.55824pt x 845.09375pt.
File: cover.pdf Graphic file (type pdf)
<use cover.pdf, page 1>
Package pdftex.def Info: cover.pdf , page1 used on input line 89.
(pdftex.def)             Requested size: 597.55824pt x 845.09375pt.

(e:/texlive/texlive_installing/texmf-dist/tex/generic/ctex/zhmap/ctex-zhmap-win
dows.tex
File: ctex-zhmap-windows.tex 2022/07/14 v2.5.10 Windows font map loader for pdf
TeX and DVIPDFMx (CTEX)
{e:/texlive/texlive_installing/texmf-var/fonts/map/pdftex/updmap/pdftex.map}{UG
BK.sfd}{Unicode.sfd})
File: cover.pdf Graphic file (type pdf)
<use cover.pdf, page 1>
Package pdftex.def Info: cover.pdf , page1 used on input line 89.
(pdftex.def)             Requested size: 597.55824pt x 845.09375pt.
 [1


 <./cover.pdf>]
LaTeX Font Info:    Trying to load font information for C70+rm on input line 94
.

(e:/texlive/texlive_installing/texmf-dist/tex/latex/ctex/fd/c70rm.fd
File: c70rm.fd 2022/07/14 v2.5.10 Chinese font definition (CTEX)
)
Package CJKpunct Info: use punctuation spaces for family 'rm' with punctstyle (
quanjiao) on input line 96.
LaTeX Font Info:    Trying to load font information for U+msa on input line 96.


(e:/texlive/texlive_installing/texmf-dist/tex/latex/amsfonts/umsa.fd
File: umsa.fd 2013/01/14 v3.01 AMS symbols A
)
LaTeX Font Info:    Trying to load font information for U+msb on input line 96.


(e:/texlive/texlive_installing/texmf-dist/tex/latex/amsfonts/umsb.fd
File: umsb.fd 2013/01/14 v3.01 AMS symbols B
) [2

]
LaTeX Font Info:    Trying to load font information for C70+zhhei on input line
 108.

(e:/texlive/texlive_installing/texmf-dist/tex/latex/zhmetrics/c70zhhei.fd
File: c70zhhei.fd 2009/09/23 4.8.2
)
(./ÂÅèÂæÆÂàÜÊ≥¢Âä®ÊñπÁ®ã.toc [3] [4])
\tf@toc=\write5
\openout5 = `ÂÅèÂæÆÂàÜÊ≥¢Âä®ÊñπÁ®ã.toc'.

 [5]
LaTeX Font Info:    Trying to load font information for C70+zhsong on input lin
e 118.

(e:/texlive/texlive_installing/texmf-dist/tex/latex/zhmetrics/c70zhsong.fd
File: c70zhsong.fd 2009/09/23 4.8.2
)
Package CJKpunct Info: use punctuation spaces for family 'zhsong' with punctsty
le (quanjiao) on input line 118.

[6] [7]
LaTeX Font Info:    Trying to load font information for C70+zhkai on input line
 206.

(e:/texlive/texlive_installing/texmf-dist/tex/latex/zhmetrics/c70zhkai.fd
File: c70zhkai.fd 2009/09/23 4.8.2
)
Overfull \hbox (3.83128pt too wide) in paragraph at lines 236--237
[]\C70/zhsong/m/n/12/75 1 \C70/zhsong/m/n/12/4e é $\OML/cmm/m/it/12 '\OT1/cmr/m
/n/12 (\OML/cmm/m/it/12 x; y\OT1/cmr/m/n/12 ) = \OML/cmm/m/it/12 c[]$ \C70/zhso
ng/m/n/12/66 / \C70/zhsong/m/n/12/4e ^^@ \C70/zhsong/m/n/12/67 a \C70/zhsong/m/
n/12/72 y \C70/zhsong/m/n/12/5f Å \C70/zhsong/m/n/12/66 Ú \C70/zhsong/m/n/12/7e
 ø|\C70/zhsong/m/n/12/ff ^^L| \C70/zhsong/m/n/12/5b É \C70/zhsong/m/n/12/76 Ñ \
C70/zhsong/m/n/12/68 Ø \C70/zhsong/m/n/12/5e ¶ \C70/zhsong/m/n/12/54 ^^Q \C70/z
hsong/m/n/12/91 œ $\OT1/cmr/m/n/12 (\OML/cmm/m/it/12 '[]; '[]\OT1/cmr/m/n/12 )$
 \C70/zhsong/m/n/12/4e ^^N \C70/zhsong/m/n/12/66 Ú \C70/zhsong/m/n/12/7e ø \C70
/zhsong/m/n/12/76 Ñ \C70/zhsong/m/n/12/52 ^^G \C70/zhsong/m/n/12/7e ø \C70/zhso
ng/m/n/12/65 π \C70/zhsong/m/n/12/54 ^^Q $\OT1/cmr/m/n/12 ([]  d\OML/cmm/m/it/1
2 x; []  \OT1/cmr/m/n/12 d\OML/cmm/m/it/12 y\OT1/cmr/m/n/12 )$
 []

[8{e:/texlive/texlive_installing/texmf-dist/fonts/enc/dvips/cm-super/cm-super-t
s1.enc}] [9]
Package CJKpunct Info: use punctuation spaces for family 'zhkai' with punctstyl
e (quanjiao) on input line 310.
 [10] [11] [12] [13] [14] [15] [16] [17] [18] [19] [20] [21]
Package CJKpunct Info: use punctuation spaces for family 'zhhei' with punctstyl
e (quanjiao) on input line 937.

[22] [23] [24] [25] [26] [27] [28] [29] [30] [31] [32] [33] [34] [35] [36]
[37] [38] [39] [40] [41] [42] [43]
Overfull \hbox (1.55948pt too wide) in paragraph at lines 2264--2269
\OML/cmm/m/it/12 c[] []\OT1/cmr/m/n/12 (\OML/cmm/m/it/12 ^^Vx\OT1/cmr/m/n/12 ) 
+ \OML/cmm/m/it/12 c[] []\OT1/cmr/m/n/12 (\OML/cmm/m/it/12 ^^Vx\OT1/cmr/m/n/12 
)$|\C70/rm/m/it/12/30 ^^B| \C70/rm/bx/it/12/51 v \C70/rm/m/it/12/5b ¸ \C70/rm/m
/it/12/65 p \C70/rm/bx/it/12/4e : $\OML/cmm/m/it/12 X[]\OT1/cmr/m/n/12 (\OML/cm
m/m/it/12 x\OT1/cmr/m/n/12 ) = \OML/cmm/m/it/12 c[]^^V []\OT1/cmr/m/n/12 (\OML/
cmm/m/it/12 ^^Vx\OT1/cmr/m/n/12 ) + \OML/cmm/m/it/12 c[]^^V []\OT1/cmr/m/n/12 (
\OML/cmm/m/it/12 ^^Vx\OT1/cmr/m/n/12 )$|\C70/rm/m/it/12/30 ^^B| \C70/rm/m/it/12
/75 1 $\OML/cmm/m/it/12 X[]\OT1/cmr/m/n/12 (0) =
 []

[44] [45] [46] (./ÂÅèÂæÆÂàÜÊ≥¢Âä®ÊñπÁ®ã.bbl) [47] (./ÂÅèÂæÆÂàÜÊ≥¢Âä®ÊñπÁ®ã.aux)
 ***********
LaTeX2e <2023-11-01> patch level 1
L3 programming layer <2022/07/14>
 ***********
Package rerunfilecheck Info: File `ÂÅèÂæÆÂàÜÊ≥¢Âä®ÊñπÁ®ã.out' has not changed.
(rerunfilecheck)             Checksum: D40B2E71D6088022B22D34D04BCEAAC5;10513.
 ) 
Here is how much of TeX's memory you used:
 31571 strings out of 474116
 589809 string characters out of 5740674
 1954190 words of memory out of 5000000
 52437 multiletter control sequences out of 15000+600000
 657632 words of font info for 402 fonts, out of 8000000 for 9000
 1141 hyphenation exceptions out of 8191
 88i,17n,92p,712b,731s stack positions out of 10000i,1000n,20000p,200000b,200000s
<c:/Windows/Fonts/simsun.ttc><c:/Windows/Fonts/simkai.ttf><c:/Windows/Fonts/s
imkai.ttf><c:/Windows/Fonts/simkai.ttf><c:/Windows/Fonts/simkai.ttf><c:/Windows
/Fonts/simkai.ttf><c:/Windows/Fonts/simkai.ttf><c:/Windows/Fonts/simkai.ttf><c:
/Windows/Fonts/simkai.ttf><c:/Windows/Fonts/simkai.ttf><c:/Windows/Fonts/simkai
.ttf><c:/Windows/Fonts/simkai.ttf><c:/Windows/Fonts/simhei.ttf><c:/Windows/Font
s/simhei.ttf><c:/Windows/Fonts/simhei.ttf><c:/Windows/Fonts/simhei.ttf><c:/Wind
ows/Fonts/simkai.ttf><c:/Windows/Fonts/simkai.ttf><c:/Windows/Fonts/simhei.ttf>
<c:/Windows/Fonts/simhei.ttf><c:/Windows/Fonts/simkai.ttf><c:/Windows/Fonts/sim
kai.ttf><c:/Windows/Fonts/simhei.ttf><c:/Windows/Fonts/simhei.ttf><c:/Windows/F
onts/simhei.ttf><c:/Windows/Fonts/simhei.ttf><c:/Windows/Fonts/simhei.ttf><c:/W
indows/Fonts/simkai.ttf><c:/Windows/Fonts/simkai.ttf><c:/Windows/Fonts/simkai.t
tf><c:/Windows/Fonts/simsun.ttc><c:/Windows/Fonts/simkai.ttf><c:/Windows/Fonts/
simkai.ttf><c:/Windows/Fonts/simkai.ttf><c:/Windows/Fonts/simkai.ttf><c:/Window
s/Fonts/simkai.ttf><c:/Windows/Fonts/simkai.ttf><c:/Windows/Fonts/simkai.ttf><c
:/Windows/Fonts/simkai.ttf><c:/Windows/Fonts/simkai.ttf><c:/Windows/Fonts/simka
i.ttf><c:/Windows/Fonts/simkai.ttf><c:/Windows/Fonts/simkai.ttf><c:/Windows/Fon
ts/simkai.ttf><c:/Windows/Fonts/simkai.ttf><c:/Windows/Fonts/simkai.ttf><c:/Win
dows/Fonts/simkai.ttf><c:/Windows/Fonts/simkai.ttf><c:/Windows/Fonts/simkai.ttf
><c:/Windows/Fonts/simkai.ttf><c:/Windows/Fonts/simhei.ttf><c:/Windows/Fonts/si
mkai.ttf><c:/Windows/Fonts/simkai.ttf><c:/Windows/Fonts/simkai.ttf><c:/Windows/
Fonts/simkai.ttf><c:/Windows/Fonts/simkai.ttf><c:/Windows/Fonts/simkai.ttf><c:/
Windows/Fonts/simkai.ttf><c:/Windows/Fonts/simkai.ttf><c:/Windows/Fonts/simkai.
ttf><c:/Windows/Fonts/simkai.ttf><c:/Windows/Fonts/simkai.ttf><c:/Windows/Fonts
/simkai.ttf><c:/Windows/Fonts/simkai.ttf><c:/Windows/Fonts/simsun.ttc><c:/Windo
ws/Fonts/simhei.ttf><c:/Windows/Fonts/simsun.ttc><c:/Windows/Fonts/simhei.ttf><
c:/Windows/Fonts/simsun.ttc><c:/Windows/Fonts/simsun.ttc><c:/Windows/Fonts/sims
un.ttc><c:/Windows/Fonts/simsun.ttc><c:/Windows/Fonts/simsun.ttc><c:/Windows/Fo
nts/simsun.ttc><c:/Windows/Fonts/simsun.ttc><c:/Windows/Fonts/simsun.ttc><c:/Wi
ndows/Fonts/simhei.ttf><c:/Windows/Fonts/simhei.ttf><c:/Windows/Fonts/simhei.tt
f><c:/Windows/Fonts/simsun.ttc><c:/Windows/Fonts/simhei.ttf><c:/Windows/Fonts/s
imsun.ttc><c:/Windows/Fonts/simhei.ttf><c:/Windows/Fonts/simhei.ttf><c:/Windows
/Fonts/simhei.ttf><c:/Windows/Fonts/simsun.ttc

pdfTeX warning: pdflatex.exe (file c:/Windows/Fonts/simsun.ttc): subfont unison
g20: wrong mapping: character 130 --> 0x2082 --> .notdef
><c:/Windows/Fonts/simhei.ttf><c:/Windows/Fonts/simsun.ttc><c:/Windows/Fonts/si
mhei.ttf><c:/Windows/Fonts/simhei.ttf><c:/Windows/Fonts/simhei.ttf><c:/Windows/
Fonts/simhei.ttf><c:/Windows/Fonts/simhei.ttf><c:/Windows/Fonts/simsun.ttc><c:/
Windows/Fonts/simhei.ttf><c:/Windows/Fonts/simhei.ttf><c:/Windows/Fonts/simhei.
ttf><c:/Windows/Fonts/simhei.ttf><c:/Windows/Fonts/simhei.ttf><c:/Windows/Fonts
/simhei.ttf><c:/Windows/Fonts/simhei.ttf><c:/Windows/Fonts/simhei.ttf><c:/Windo
ws/Fonts/simhei.ttf><c:/Windows/Fonts/simhei.ttf><c:/Windows/Fonts/simhei.ttf><
c:/Windows/Fonts/simhei.ttf><c:/Windows/Fonts/simhei.ttf><c:/Windows/Fonts/simh
ei.ttf><c:/Windows/Fonts/simhei.ttf><c:/Windows/Fonts/simhei.ttf><c:/Windows/Fo
nts/simhei.ttf><c:/Windows/Fonts/simhei.ttf><c:/Windows/Fonts/simhei.ttf><c:/Wi
ndows/Fonts/simsun.ttc><c:/Windows/Fonts/simsun.ttc><c:/Windows/Fonts/simsun.tt
c><c:/Windows/Fonts/simsun.ttc><c:/Windows/Fonts/simsun.ttc><c:/Windows/Fonts/s
imsun.ttc><c:/Windows/Fonts/simsun.ttc><c:/Windows/Fonts/simsun.ttc><c:/Windows
/Fonts/simsun.ttc><c:/Windows/Fonts/simsun.ttc><c:/Windows/Fonts/simsun.ttc><c:
/Windows/Fonts/simsun.ttc><c:/Windows/Fonts/simsun.ttc><c:/Windows/Fonts/simsun
.ttc><c:/Windows/Fonts/simsun.ttc><c:/Windows/Fonts/simsun.ttc><c:/Windows/Font
s/simsun.ttc><c:/Windows/Fonts/simsun.ttc><c:/Windows/Fonts/simsun.ttc><c:/Wind
ows/Fonts/simsun.ttc><c:/Windows/Fonts/simsun.ttc><c:/Windows/Fonts/simsun.ttc>
<c:/Windows/Fonts/simsun.ttc><c:/Windows/Fonts/simsun.ttc><c:/Windows/Fonts/sim
sun.ttc><c:/Windows/Fonts/simsun.ttc><c:/Windows/Fonts/simsun.ttc><c:/Windows/F
onts/simsun.ttc><c:/Windows/Fonts/simsun.ttc><c:/Windows/Fonts/simsun.ttc><c:/W
indows/Fonts/simsun.ttc><c:/Windows/Fonts/simsun.ttc><c:/Windows/Fonts/simsun.t
tc><c:/Windows/Fonts/simsun.ttc><c:/Windows/Fonts/simsun.ttc><c:/Windows/Fonts/
simsun.ttc><c:/Windows/Fonts/simsun.ttc><c:/Windows/Fonts/simsun.ttc><c:/Window
s/Fonts/simsun.ttc><c:/Windows/Fonts/simsun.ttc><c:/Windows/Fonts/simsun.ttc><c
:/Windows/Fonts/simsun.ttc><c:/Windows/Fonts/simsun.ttc><c:/Windows/Fonts/simsu
n.ttc><c:/Windows/Fonts/simsun.ttc><c:/Windows/Fonts/simsun.ttc><c:/Windows/Fon
ts/simsun.ttc><c:/Windows/Fonts/simsun.ttc><c:/Windows/Fonts/simsun.ttc><c:/Win
dows/Fonts/simsun.ttc><c:/Windows/Fonts/simsun.ttc><c:/Windows/Fonts/simsun.ttc
><c:/Windows/Fonts/simsun.ttc><c:/Windows/Fonts/simhei.ttf><c:/Windows/Fonts/si
mhei.ttf><e:/texlive/texlive_installing/texmf-dist/fonts/type1/public/amsfonts/
cm/cmbx12.pfb><e:/texlive/texlive_installing/texmf-dist/fonts/type1/public/amsf
onts/cm/cmex10.pfb><e:/texlive/texlive_installing/texmf-dist/fonts/type1/public
/amsfonts/cm/cmmi12.pfb><e:/texlive/texlive_installing/texmf-dist/fonts/type1/p
ublic/amsfonts/cm/cmmi6.pfb><e:/texlive/texlive_installing/texmf-dist/fonts/typ
e1/public/amsfonts/cm/cmmi8.pfb><e:/texlive/texlive_installing/texmf-dist/fonts
/type1/public/amsfonts/cm/cmr12.pfb><e:/texlive/texlive_installing/texmf-dist/f
onts/type1/public/amsfonts/cm/cmr6.pfb><e:/texlive/texlive_installing/texmf-dis
t/fonts/type1/public/amsfonts/cm/cmr8.pfb><e:/texlive/texlive_installing/texmf-
dist/fonts/type1/public/amsfonts/cm/cmsy10.pfb><e:/texlive/texlive_installing/t
exmf-dist/fonts/type1/public/amsfonts/cm/cmsy6.pfb><e:/texlive/texlive_installi
ng/texmf-dist/fonts/type1/public/amsfonts/cm/cmsy8.pfb><e:/texlive/texlive_inst
alling/texmf-dist/fonts/type1/public/amsfonts/cm/cmti12.pfb><e:/texlive/texlive
_installing/texmf-dist/fonts/type1/public/amsfonts/cm/cmtt12.pfb><e:/texlive/te
xlive_installing/texmf-dist/fonts/type1/public/amsfonts/symbols/msam10.pfb><e:/
texlive/texlive_installing/texmf-dist/fonts/type1/public/amsfonts/symbols/msbm1
0.pfb><e:/texlive/texlive_installing/texmf-dist/fonts/type1/public/cm-super/sfr
m1200.pfb>
Output written on ÂÅèÂæÆÂàÜÊ≥¢Âä®ÊñπÁ®ã.pdf (47 pages, 1076976 bytes).
PDF statistics:
 1865 PDF objects out of 2073 (max. 8388607)
 1517 compressed objects within 16 object streams
 378 named destinations out of 1000 (max. 500000)
 1005 words of extra memory for PDF output out of 10000 (max. 10000000)

