\BOOKMARK [1][-]{section.1}{\376\377\143\011\217\271\165\114\147\141\116\366\122\006\174\173\120\117\137\256\122\006\145\271\172\013}{}% 1
\BOOKMARK [2][-]{subsection.1.1}{\376\377\147\011\165\114}{section.1}% 2
\BOOKMARK [3][-]{subsubsection.1.1.1}{\376\377\173\054\116\000\174\173\217\271\165\114}{subsection.1.1}% 3
\BOOKMARK [3][-]{subsubsection.1.1.2}{\376\377\173\054\116\214\174\173\217\271\165\114}{subsection.1.1}% 4
\BOOKMARK [3][-]{subsubsection.1.1.3}{\376\377\116\044\171\315\155\367\124\010}{subsection.1.1}% 5
\BOOKMARK [2][-]{subsection.1.2}{\376\377\123\112\166\364\176\277}{section.1}% 6
\BOOKMARK [3][-]{subsubsection.1.2.1}{\376\377\173\054\116\000\217\271\165\114}{subsection.1.2}% 7
\BOOKMARK [3][-]{subsubsection.1.2.2}{\376\377\173\054\116\214\217\271\165\114}{subsection.1.2}% 8
\BOOKMARK [2][-]{subsection.1.3}{\376\377\145\340\165\114}{section.1}% 9
\BOOKMARK [1][-]{section.2}{\376\377\123\340\122\240\123\237\164\006}{}% 10
\BOOKMARK [2][-]{subsection.2.1}{\376\377\145\271\172\013\227\136\237\120\153\041}{section.2}% 11
\BOOKMARK [2][-]{subsection.2.2}{\376\377\122\035\131\313\147\141\116\366\227\136\237\120\153\041}{section.2}% 12
\BOOKMARK [2][-]{subsection.2.3}{\376\377\217\271\165\114\147\141\116\366\227\136\237\120\153\041}{section.2}% 13
\BOOKMARK [1][-]{section.3}{\376\377\217\271\165\114\147\141\116\366\237\120\153\041\123\026}{}% 14
\BOOKMARK [2][-]{subsection.3.1}{\376\377\173\054\116\000\217\271\165\114\147\141\116\366\237\120\153\041\123\026}{section.3}% 15
\BOOKMARK [2][-]{subsection.3.2}{\376\377\173\054\116\214\217\271\165\114\147\141\116\366\237\120\153\041\123\026}{section.3}% 16
\BOOKMARK [2][-]{subsection.3.3}{\376\377\173\054\116\000\155\367\124\010\217\271\165\114\147\141\116\366\237\120\153\041\123\026}{section.3}% 17
\BOOKMARK [2][-]{subsection.3.4}{\376\377\173\054\116\214\155\367\124\010\217\271\165\114\147\141\116\366\237\120\153\041\123\026}{section.3}% 18
\BOOKMARK [2][-]{subsection.3.5}{\376\377\140\073\176\323}{section.3}% 19
\BOOKMARK [1][-]{section.4}{\376\377\000D\000u\000h\000a\000m\000a\000m\000e\000l\123\237\164\006\116\113\145\271\172\013\237\120\153\041\123\026}{}% 20
\BOOKMARK [2][-]{subsection.4.1}{\376\377\147\011\165\114\227\136\237\120\153\041\145\271\172\013}{section.4}% 21
\BOOKMARK [2][-]{subsection.4.2}{\376\377\145\340\165\114\227\136\237\120\153\041\145\271\172\013}{section.4}% 22
\BOOKMARK [1][-]{section.5}{\376\377\116\000\226\066\142\337\176\277\140\047\145\271\172\013\116\113\117\040\217\223\145\271\172\013}{}% 23
\BOOKMARK [2][-]{subsection.5.1}{\376\377\123\330\221\317\146\377\143\142\154\102\211\343\136\070\174\373\145\160\237\120\153\041\117\040\217\223\145\271\172\013}{section.5}% 24
\BOOKMARK [3][-]{subsubsection.5.1.1}{\376\377\225\356\230\230\143\317\217\360}{subsection.5.1}% 25
\BOOKMARK [3][-]{subsubsection.5.1.2}{\376\377\220\032\211\343}{subsection.5.1}% 26
\BOOKMARK [3][-]{subsubsection.5.1.3}{\376\377\162\171\211\343\377\010\122\035\131\313\147\141\116\366\142\026\217\271\165\114\147\141\116\366\377\011}{subsection.5.1}% 27
\BOOKMARK [2][-]{subsection.5.2}{\376\377\154\342\166\204\117\040\144\255\154\102\211\343\136\070\174\373\145\160\237\120\153\041\117\040\217\223\145\271\172\013}{section.5}% 28
\BOOKMARK [3][-]{subsubsection.5.2.1}{\376\377\225\356\230\230\143\317\217\360}{subsection.5.2}% 29
\BOOKMARK [3][-]{subsubsection.5.2.2}{\376\377\220\032\211\343}{subsection.5.2}% 30
\BOOKMARK [3][-]{subsubsection.5.2.3}{\376\377\122\035\120\074\225\356\230\230\116\113\162\171\211\343}{subsection.5.2}% 31
\BOOKMARK [2][-]{subsection.5.3}{\376\377\154\342\166\204\117\040\144\255\154\102\211\343\136\070\174\373\145\160\227\136\237\120\153\041\117\040\217\223\145\271\172\013}{section.5}% 32
\BOOKMARK [3][-]{subsubsection.5.3.1}{\376\377\225\356\230\230\143\317\217\360}{subsection.5.3}% 33
\BOOKMARK [3][-]{subsubsection.5.3.2}{\376\377\154\102\211\343}{subsection.5.3}% 34
\BOOKMARK [2][-]{subsection.5.4}{\376\377\162\171\137\201\176\277\154\325\154\102\211\343\123\330\174\373\145\160\237\120\153\041\117\040\217\223\145\271\172\013}{section.5}% 35
\BOOKMARK [3][-]{subsubsection.5.4.1}{\376\377\220\032\211\343}{subsection.5.4}% 36
\BOOKMARK [1][-]{section.6}{\376\377\116\000\176\364\145\340\165\114\237\120\153\041\154\342\122\250\145\271\172\013}{}% 37
\BOOKMARK [2][-]{subsection.6.1}{\376\377\000d\040\031\000A\000l\000e\000m\000b\000e\000r\000t\000\040\121\154\137\017}{section.6}% 38
\BOOKMARK [3][-]{subsubsection.6.1.1}{\376\377\225\356\230\230\143\317\217\360}{subsection.6.1}% 39
\BOOKMARK [3][-]{subsubsection.6.1.2}{\376\377\154\102\211\343}{subsection.6.1}% 40
\BOOKMARK [2][-]{subsection.6.2}{\376\377\117\235\215\126\123\072\127\337\060\001\121\263\133\232\123\072\127\337\124\214\137\161\124\315\123\072\127\337}{section.6}% 41
\BOOKMARK [3][-]{subsubsection.6.2.1}{\376\377\117\235\215\126\123\072\127\337\000\040}{subsection.6.2}% 42
\BOOKMARK [3][-]{subsubsection.6.2.2}{\376\377\137\161\124\315\123\072\127\337\000\040}{subsection.6.2}% 43
\BOOKMARK [3][-]{subsubsection.6.2.3}{\376\377\121\263\133\232\123\072\127\337\000\040}{subsection.6.2}% 44
\BOOKMARK [1][-]{section.7}{\376\377\217\276\147\027\215\035\134\024\121\154\137\017\136\366\142\323\211\343\121\263\124\004\171\315\217\271\165\114\147\141\116\366\166\204\237\120\153\041\154\342\122\250\145\271\172\013}{}% 45
\BOOKMARK [2][-]{subsection.7.1}{\376\377\173\054\116\000\217\271\120\074\147\141\116\366\123\112\166\364\176\277\225\356\230\230}{section.7}% 46
\BOOKMARK [3][-]{subsubsection.7.1.1}{\376\377\225\356\230\230\143\317\217\360}{subsection.7.1}% 47
\BOOKMARK [3][-]{subsubsection.7.1.2}{\376\377\120\132\131\107\136\366\142\323}{subsection.7.1}% 48
\BOOKMARK [3][-]{subsubsection.7.1.3}{\376\377\217\271\165\114\147\141\116\366\116\016\145\271\172\013\232\214\213\301}{subsection.7.1}% 49
\BOOKMARK [2][-]{subsection.7.2}{\376\377\173\054\116\214\217\271\120\074\147\141\116\366\123\112\166\364\176\277\225\356\230\230}{section.7}% 50
\BOOKMARK [3][-]{subsubsection.7.2.1}{\376\377\225\356\230\230\143\317\217\360}{subsection.7.2}% 51
\BOOKMARK [3][-]{subsubsection.7.2.2}{\376\377\120\132\120\166\136\366\142\323}{subsection.7.2}% 52
\BOOKMARK [2][-]{subsection.7.3}{\376\377\147\011\165\114\173\054\116\000\217\271\120\074\147\141\116\366\116\113\123\315\134\004\154\325}{section.7}% 53
\BOOKMARK [3][-]{subsubsection.7.3.1}{\376\377\225\356\230\230\143\317\217\360}{subsection.7.3}% 54
\BOOKMARK [3][-]{subsubsection.7.3.2}{\376\377\150\070\137\303\140\035\140\363}{subsection.7.3}% 55
\BOOKMARK [3][-]{subsubsection.7.3.3}{\376\377\217\276\147\027\215\035\134\024\121\154\137\017\166\204\136\224\165\050}{subsection.7.3}% 56
\BOOKMARK [2][-]{subsection.7.4}{\376\377\147\011\165\114\173\054\116\214\217\271\120\074\147\141\116\366\116\113\123\315\134\004\154\325}{section.7}% 57
\BOOKMARK [2][-]{subsection.7.5}{\376\377\173\054\116\000\171\315\147\011\165\114\155\367\124\010\217\271\165\114\225\356\230\230\116\113\123\315\134\004\154\325}{section.7}% 58
\BOOKMARK [2][-]{subsection.7.6}{\376\377\173\054\116\214\171\315\147\011\165\114\155\367\124\010\217\271\165\114\225\356\230\230\116\113\123\315\134\004\154\325}{section.7}% 59
\BOOKMARK [2][-]{subsection.7.7}{\376\377\140\073\176\323}{section.7}% 60
\BOOKMARK [1][-]{section.8}{\376\377\147\011\165\114\154\342\122\250\145\271\172\013\116\113\122\006\171\273\123\330\221\317\154\325}{}% 61
\BOOKMARK [2][-]{subsection.8.1}{\376\377\173\054\116\000\217\271\120\074\147\141\116\366\116\113\122\006\171\273\123\330\221\317\154\325}{section.8}% 62
\BOOKMARK [3][-]{subsubsection.8.1.1}{\376\377\225\356\230\230\143\317\217\360}{subsection.8.1}% 63
\BOOKMARK [3][-]{subsubsection.8.1.2}{\376\377\150\070\137\303\140\035\140\363}{subsection.8.1}% 64
\BOOKMARK [3][-]{subsubsection.8.1.3}{\376\377\172\172\225\364\136\070\137\256\122\006\145\271\172\013\166\204\154\102\211\343}{subsection.8.1}% 65
\BOOKMARK [3][-]{subsubsection.8.1.4}{\376\377\145\366\225\364\136\070\137\256\122\006\145\271\172\013\166\204\154\102\211\343}{subsection.8.1}% 66
\BOOKMARK [3][-]{subsubsection.8.1.5}{\376\377\137\227\120\117\137\256\122\006\145\271\172\013\220\032\211\343}{subsection.8.1}% 67
\BOOKMARK [3][-]{subsubsection.8.1.6}{\376\377\122\035\131\313\147\141\116\366\154\102\174\373\145\160}{subsection.8.1}% 68
\BOOKMARK [3][-]{subsubsection.8.1.7}{\376\377\165\050\145\160\122\006\167\345\213\306\154\102\174\373\145\160}{subsection.8.1}% 69
\BOOKMARK [3][-]{subsubsection.8.1.8}{\376\377\140\073\176\323}{subsection.8.1}% 70
\BOOKMARK [2][-]{subsection.8.2}{\376\377\173\054\116\214\217\271\120\074\147\141\116\366\377\014\155\367\124\010\217\271\165\114\147\141\116\366\116\113\122\006\171\273\123\330\221\317}{section.8}% 71
\BOOKMARK [3][-]{subsubsection.8.2.1}{\376\377\225\356\230\230\143\317\217\360}{subsection.8.2}% 72
\BOOKMARK [3][-]{subsubsection.8.2.2}{\376\377\150\070\137\303\140\035\140\363}{subsection.8.2}% 73
\BOOKMARK [3][-]{subsubsection.8.2.3}{\376\377\172\172\225\364\136\070\137\256\122\006\145\271\172\013\166\204\154\102\211\343}{subsection.8.2}% 74
\BOOKMARK [3][-]{subsubsection.8.2.4}{\376\377\145\366\225\364\136\070\137\256\122\006\145\271\172\013\166\204\154\102\211\343}{subsection.8.2}% 75
\BOOKMARK [3][-]{subsubsection.8.2.5}{\376\377\137\227\120\117\137\256\122\006\145\271\172\013\220\032\211\343}{subsection.8.2}% 76
\BOOKMARK [3][-]{subsubsection.8.2.6}{\376\377\122\035\131\313\147\141\116\366\154\102\174\373\145\160}{subsection.8.2}% 77
\BOOKMARK [2][-]{subsection.8.3}{\376\377\173\054\116\000\155\367\124\010\217\271\165\114\147\141\116\366}{section.8}% 78
\BOOKMARK [3][-]{subsubsection.8.3.1}{\376\377\225\356\230\230\143\317\217\360}{subsection.8.3}% 79
\BOOKMARK [3][-]{subsubsection.8.3.2}{\376\377\150\070\137\303\140\035\140\363}{subsection.8.3}% 80
\BOOKMARK [3][-]{subsubsection.8.3.3}{\376\377\172\172\225\364\136\070\137\256\122\006\145\271\172\013\166\204\154\102\211\343}{subsection.8.3}% 81
\BOOKMARK [3][-]{subsubsection.8.3.4}{\376\377\145\366\225\364\136\070\137\256\122\006\145\271\172\013\166\204\154\102\211\343}{subsection.8.3}% 82
\BOOKMARK [3][-]{subsubsection.8.3.5}{\376\377\137\227\120\117\137\256\122\006\145\271\172\013\220\032\211\343}{subsection.8.3}% 83
\BOOKMARK [3][-]{subsubsection.8.3.6}{\376\377\122\035\131\313\147\141\116\366\154\102\174\373\145\160}{subsection.8.3}% 84
\BOOKMARK [2][-]{subsection.8.4}{\376\377\173\054\116\214\155\367\124\010\217\271\165\114\147\141\116\366}{section.8}% 85
\BOOKMARK [3][-]{subsubsection.8.4.1}{\376\377\225\356\230\230\143\317\217\360}{subsection.8.4}% 86
\BOOKMARK [3][-]{subsubsection.8.4.2}{\376\377\150\070\137\303\140\035\140\363}{subsection.8.4}% 87
\BOOKMARK [3][-]{subsubsection.8.4.3}{\376\377\172\172\225\364\136\070\137\256\122\006\145\271\172\013\166\204\154\102\211\343}{subsection.8.4}% 88
\BOOKMARK [3][-]{subsubsection.8.4.4}{\376\377\145\366\225\364\136\070\137\256\122\006\145\271\172\013\166\204\154\102\211\343}{subsection.8.4}% 89
\BOOKMARK [3][-]{subsubsection.8.4.5}{\376\377\137\227\120\117\137\256\122\006\145\271\172\013\220\032\211\343}{subsection.8.4}% 90
\BOOKMARK [3][-]{subsubsection.8.4.6}{\376\377\122\035\131\313\147\141\116\366\154\102\174\373\145\160}{subsection.8.4}% 91
\BOOKMARK [1][-]{section.9}{\376\377\145\340\165\114\237\120\153\041\160\355\117\040\133\374\145\271\172\013}{}% 92
\BOOKMARK [2][-]{subsection.9.1}{\376\377\225\356\230\230\143\317\217\360}{section.9}% 93
\BOOKMARK [2][-]{subsection.9.2}{\376\377\120\205\221\314\123\366\123\330\143\142}{section.9}% 94
\BOOKMARK [3][-]{subsubsection.9.2.1}{\376\377\137\256\122\006\140\047\215\050}{subsection.9.2}% 95
\BOOKMARK [3][-]{subsubsection.9.2.2}{\376\377\136\102\116\130\140\047\215\050}{subsection.9.2}% 96
\BOOKMARK [3][-]{subsubsection.9.2.3}{\376\377\120\205\221\314\123\366\123\330\143\142\166\204\123\167\171\357\140\047\215\050}{subsection.9.2}% 97
\BOOKMARK [3][-]{subsubsection.9.2.4}{\376\377\120\205\221\314\123\366\220\006\123\330\143\142\166\204\123\167\171\357\140\047\215\050}{subsection.9.2}% 98
\BOOKMARK [2][-]{subsection.9.3}{\376\377\232\330\145\257\127\213\121\375\145\160\166\204\116\000\116\233\171\357\122\006}{section.9}% 99
\BOOKMARK [2][-]{subsection.9.4}{\376\377\211\343\166\204\133\374\121\372}{section.9}% 100
\BOOKMARK [1][-]{section.10}{\376\377\145\340\165\114\227\136\237\120\153\041\160\355\117\040\133\374\145\271\172\013}{}% 101
\BOOKMARK [1][-]{section.11}{\376\377\123\112\166\364\176\277\160\355\117\040\133\374\145\271\172\013}{}% 102
\BOOKMARK [1][-]{section.12}{\376\377\147\011\165\114\227\136\237\120\153\041\160\355\117\040\133\374\145\271\172\013}{}% 103
\BOOKMARK [1][-]{section.13}{\376\377\116\214\226\066\176\277\140\047\120\117\137\256\122\006\145\271\172\013\143\011\162\171\137\201\122\006\174\173\116\016\150\007\121\306\123\026}{}% 104
\BOOKMARK [2][-]{subsection.13.1}{\376\377\116\214\226\066\145\271\172\013\166\204\162\171\137\201\164\006\213\272}{section.13}% 105
\BOOKMARK [2][-]{subsection.13.2}{\376\377\145\271\172\013\166\204\122\006\174\173\116\016\150\007\121\306\127\213}{section.13}% 106
\BOOKMARK [3][-]{subsubsection.13.2.1}{\376\377\123\314\146\362\127\213\145\271\172\013\000\040\000\050\000D\000e\000l\000t\000a\000\040\000>\000\040\0000\000\051}{subsection.13.2}% 107
\BOOKMARK [3][-]{subsubsection.13.2.2}{\376\377\142\233\162\151\127\213\145\271\172\013\000\040\000\050\000D\000e\000l\000t\000a\000\040\000=\000\040\0000\000\051}{subsection.13.2}% 108
\BOOKMARK [3][-]{subsubsection.13.2.3}{\376\377\151\055\127\006\127\213\145\271\172\013\000\040\000\050\000D\000e\000l\000t\000a\000\040\000<\000\040\0000\000\051}{subsection.13.2}% 109
\BOOKMARK [2][-]{subsection.13.3}{\376\377\140\073\176\323}{section.13}% 110
\BOOKMARK [1][-]{section.14}{\376\377\131\032\116\052\201\352\123\330\221\317\162\171\137\201\146\362\227\142\116\016\162\171\137\201\145\271\172\013}{}% 111
